2012-01-14 09:14:02.816+0000: Creating new db @ /home/escher/src/rails/neo4j-rails-example/db/neo4j-development/neostore
2012-01-14 09:14:05.033+0000: Opened [/home/escher/src/rails/neo4j-rails-example/db/neo4j-development/nioneo_logical.log.1] clean empty log, version=0, lastTxId=1
2012-01-14 09:14:05.165+0000: Opened [/home/escher/src/rails/neo4j-rails-example/db/neo4j-development/index/lucene.log.1] clean empty log, version=0, lastTxId=1
2012-01-14 09:14:05.213+0000: TM new log: tm_tx_log.1
2012-01-14 09:14:05.299+0000: --- CONFIGURATION START ---
2012-01-14 09:14:05.299+0000: Graph Database: org.neo4j.kernel.EmbeddedGraphDatabase StoreId[time:1326532442834, id:7779687673803614325, store version: 13561656364791302]
2012-01-14 09:14:05.299+0000: Physical mem: 3925MB, Heap size: 444MB
2012-01-14 09:14:05.302+0000: Kernel version: Neo4j - Graph Database Kernel 1.6.M01
2012-01-14 09:14:05.302+0000: Neo4j component versions:
2012-01-14 09:14:05.302+0000:   Neo4j - Graph Database Kernel 1.6.M01
2012-01-14 09:14:05.303+0000: Store versions:
2012-01-14 09:14:05.303+0000:   NeoStore v0.A.0
2012-01-14 09:14:05.303+0000:   NodeStore v0.A.0
2012-01-14 09:14:05.303+0000:   RelationshipStore v0.A.0
2012-01-14 09:14:05.303+0000:   RelationshipTypeStore v0.A.0
2012-01-14 09:14:05.303+0000:   PropertyStore v0.A.0
2012-01-14 09:14:05.303+0000:   PropertyIndexStore v0.A.0
2012-01-14 09:14:05.303+0000:   StringPropertyStore v0.A.0
2012-01-14 09:14:05.303+0000:   ArrayPropertyStore v0.A.0
2012-01-14 09:14:05.328+0000: Process id: 16560@orbiter.karma0.net
2012-01-14 09:14:05.329+0000: Operating System: Linux; version: 3.2.0-gentoo-r1; arch: amd64; cpus: 2
2012-01-14 09:14:05.329+0000: Max number of file descriptors: 4096
2012-01-14 09:14:05.329+0000: Number of open file descriptors: 74
2012-01-14 09:14:05.345+0000: Total Physical memory: 3.83 GB
2012-01-14 09:14:05.346+0000: Free Physical memory: 224.11 MB
2012-01-14 09:14:05.346+0000: Committed virtual memory: 964.16 MB
2012-01-14 09:14:05.346+0000: Total swap space: 9.32 GB
2012-01-14 09:14:05.346+0000: Free swap space: 9.06 GB
2012-01-14 09:14:05.348+0000: Byte order: LITTLE_ENDIAN
2012-01-14 09:14:05.348+0000: VM Name: OpenJDK 64-Bit Server VM
2012-01-14 09:14:05.348+0000: VM Vendor: Sun Microsystems Inc.
2012-01-14 09:14:05.348+0000: VM Version: 20.0-b11
2012-01-14 09:14:05.368+0000: JIT compiler: HotSpot 64-Bit Tiered Compilers
2012-01-14 09:14:05.371+0000: Class Path:
2012-01-14 09:14:05.372+0000:    [loader.0] file:/home/escher/.rvm/gems/jruby-1.6.4@projek.to/gems/neo4j-admin-0.0.2-java/lib/neo4j-admin/jars/jackson-core-asl-1.8.3.jar
2012-01-14 09:14:05.372+0000:    [loader.0] file:/home/escher/.rvm/gems/jruby-1.6.4@projek.to/gems/neo4j-admin-0.0.2-java/lib/neo4j-admin/jars/blueprints-core-1.0.jar
2012-01-14 09:14:05.372+0000:    [loader.0] file:/home/escher/.rvm/gems/jruby-1.6.4@projek.to/gems/neo4j-admin-0.0.2-java/lib/neo4j-admin/jars/commons-collections-3.2.1.jar
2012-01-14 09:14:05.372+0000:    [bootstrap] /home/escher/.rvm/rubies/jruby-1.6.4/lib/jruby.jar
2012-01-14 09:14:05.372+0000:    [loader.0] file:/home/escher/.rvm/gems/jruby-1.6.4@projek.to/gems/neo4j-admin-0.0.2-java/lib/neo4j-admin/jars/blueprints-neo4j-graph-1.0.jar
2012-01-14 09:14:05.372+0000:    [loader.0] file:/home/escher/.rvm/gems/jruby-1.6.4@projek.to/gems/neo4j-admin-0.0.2-java/lib/neo4j-admin/jars/neo4j-gremlin-plugin-1.6.M01.jar
2012-01-14 09:14:05.372+0000:    [loader.0] file:/home/escher/.rvm/gems/jruby-1.6.4@projek.to/gems/neo4j-1.3.1-java/lib/neo4j/jars/core/geronimo-jta_1.1_spec-1.1.1.jar
2012-01-14 09:14:05.372+0000:    [loader.0] file:/home/escher/.rvm/gems/jruby-1.6.4@projek.to/gems/neo4j-admin-0.0.2-java/lib/neo4j-admin/jars/rrd4j-2.0.7.jar
2012-01-14 09:14:05.372+0000:    [loader.0] file:/home/escher/.rvm/gems/jruby-1.6.4@projek.to/gems/neo4j-1.3.1-java/lib/neo4j/jars/core/neo4j-jmx-1.6.M01.jar
2012-01-14 09:14:05.372+0000:    [loader.0] file:/home/escher/.rvm/gems/jruby-1.6.4@projek.to/gems/neo4j-1.3.1-java/lib/neo4j/jars/core/neo4j-lucene-index-1.6.M01.jar
2012-01-14 09:14:05.372+0000:    [bootstrap] /opt/icedtea6-bin-1.10.4/jre/lib/resources.jar
2012-01-14 09:14:05.372+0000:    [loader.0] file:/home/escher/.rvm/gems/jruby-1.6.4@projek.to/gems/neo4j-admin-0.0.2-java/lib/neo4j-admin/jars/jetty-util-6.1.25.jar
2012-01-14 09:14:05.372+0000:    [loader.0] file:/home/escher/.rvm/gems/jruby-1.6.4@projek.to/gems/neo4j-admin-0.0.2-java/lib/neo4j-admin/jars/jersey-core-1.9.jar
2012-01-14 09:14:05.372+0000:    [loader.0] file:/home/escher/.rvm/gems/jruby-1.6.4@projek.to/gems/neo4j-1.3.1-java/lib/neo4j/jars/core/neo4j-kernel-1.6.M01.jar
2012-01-14 09:14:05.372+0000:    [bootstrap] /opt/icedtea6-bin-1.10.4/jre/lib/jsse.jar
2012-01-14 09:14:05.372+0000:    [loader.0] file:/home/escher/.rvm/gems/jruby-1.6.4@projek.to/gems/neo4j-admin-0.0.2-java/lib/neo4j-admin/jars/asm-3.1.jar
2012-01-14 09:14:05.372+0000:    [loader.0] file:/home/escher/.rvm/gems/jruby-1.6.4@projek.to/gems/neo4j-admin-0.0.2-java/lib/neo4j-admin/jars/groovy-1.8.2.jar
2012-01-14 09:14:05.372+0000:    [loader.0] file:/home/escher/.rvm/gems/jruby-1.6.4@projek.to/gems/neo4j-1.3.1-java/lib/neo4j/jars/core/neo4j-shell-1.6.M01.jar
2012-01-14 09:14:05.372+0000:    [loader.0] file:/home/escher/.rvm/gems/jruby-1.6.4@projek.to/gems/neo4j-1.3.1-java/lib/neo4j/jars/core/neo4j-udc-1.6.M01.jar
2012-01-14 09:14:05.372+0000:    [loader.0] file:/home/escher/.rvm/gems/jruby-1.6.4@projek.to/gems/neo4j-admin-0.0.2-java/lib/neo4j-admin/jars/commons-lang-2.4.jar
2012-01-14 09:14:05.372+0000:    [loader.0] file:/home/escher/.rvm/gems/jruby-1.6.4@projek.to/gems/neo4j-1.3.1-java/lib/neo4j/jars/core/lucene-core-3.1.0.jar
2012-01-14 09:14:05.373+0000:    [loader.0] file:/home/escher/.rvm/gems/jruby-1.6.4@projek.to/gems/neo4j-1.3.1-java/lib/neo4j/jars/core/scala-library-2.9.0-1.jar
2012-01-14 09:14:05.373+0000:    [loader.0] file:/home/escher/.rvm/gems/jruby-1.6.4@projek.to/gems/neo4j-admin-0.0.2-java/lib/neo4j-admin/jars/jersey-server-1.9.jar
2012-01-14 09:14:05.373+0000:    [bootstrap] /opt/icedtea6-bin-1.10.4/jre/lib/rhino.jar
2012-01-14 09:14:05.373+0000:    [loader.0] file:/home/escher/.rvm/gems/jruby-1.6.4@projek.to/gems/neo4j-admin-0.0.2-java/lib/neo4j-admin/jars/jackson-mapper-asl-1.8.3.jar
2012-01-14 09:14:05.373+0000:    [loader.0] file:/home/escher/.rvm/gems/jruby-1.6.4@projek.to/gems/neo4j-admin-0.0.2-java/lib/neo4j-admin/jars/antlr-2.7.7.jar
2012-01-14 09:14:05.373+0000:    [loader.0] file:/home/escher/.rvm/gems/jruby-1.6.4@projek.to/gems/neo4j-admin-0.0.2-java/lib/neo4j-admin/jars/gremlin-1.3.jar
2012-01-14 09:14:05.373+0000:    [loader.0] file:/home/escher/.rvm/gems/jruby-1.6.4@projek.to/gems/neo4j-admin-0.0.2-java/lib/neo4j-admin/jars/commons-logging-1.1.1.jar
2012-01-14 09:14:05.373+0000:    [loader.3] file:/opt/icedtea6-bin-1.10.4/jre/lib/ext/sunjce_provider.jar
2012-01-14 09:14:05.373+0000:    [bootstrap] /opt/icedtea6-bin-1.10.4/jre/lib/modules/jdk.boot.jar
2012-01-14 09:14:05.373+0000:    [loader.0] file:/home/escher/.rvm/gems/jruby-1.6.4@projek.to/gems/neo4j-admin-0.0.2-java/lib/neo4j-admin/jars/commons-configuration-1.6.jar
2012-01-14 09:14:05.373+0000:    [bootstrap] /opt/icedtea6-bin-1.10.4/jre/lib/sunrsasign.jar
2012-01-14 09:14:05.373+0000:    [bootstrap] /opt/icedtea6-bin-1.10.4/jre/lib/plugin.jar
2012-01-14 09:14:05.373+0000:    [loader.0] file:/home/escher/.rvm/gems/jruby-1.6.4@projek.to/gems/neo4j-1.3.1-java/lib/neo4j/jars/core/neo4j-graph-algo-1.6.M01.jar
2012-01-14 09:14:05.373+0000:    [loader.0] file:/home/escher/.rvm/gems/jruby-1.6.4@projek.to/gems/neo4j-1.3.1-java/lib/neo4j/jars/ha/neo4j-management-1.6.M01.jar
2012-01-14 09:14:05.373+0000:    [loader.0] file:/home/escher/.rvm/gems/jruby-1.6.4@projek.to/gems/neo4j-1.3.1-java/lib/neo4j/jars/core/server-api-1.6.M01.jar
2012-01-14 09:14:05.373+0000:    [loader.0] file:/home/escher/.rvm/gems/jruby-1.6.4@projek.to/gems/neo4j-1.3.1-java/lib/neo4j/jars/core/neo4j-cypher-1.6.M01.jar
2012-01-14 09:14:05.373+0000:    [loader.0] file:/home/escher/.rvm/gems/jruby-1.6.4@projek.to/gems/neo4j-admin-0.0.2-java/lib/neo4j-admin/jars/jetty-6.1.25.jar
2012-01-14 09:14:05.373+0000:    [loader.0] file:/home/escher/.rvm/gems/jruby-1.6.4@projek.to/gems/neo4j-admin-0.0.2-java/lib/neo4j-admin/jars/servlet-api-2.5-20081211.jar
2012-01-14 09:14:05.373+0000:    [bootstrap] /opt/icedtea6-bin-1.10.4/jre/lib/charsets.jar
2012-01-14 09:14:05.373+0000:    [bootstrap] /opt/icedtea6-bin-1.10.4/jre/lib/netx.jar
2012-01-14 09:14:05.373+0000:    [loader.0] file:/home/escher/.rvm/gems/jruby-1.6.4@projek.to/gems/neo4j-admin-0.0.2-java/lib/neo4j-admin/jars/neo4j-server-1.6.M01.jar
2012-01-14 09:14:05.373+0000:    [loader.2] file:/home/escher/src/rails/neo4j-rails-example/
2012-01-14 09:14:05.374+0000:    [loader.0] file:/home/escher/.rvm/gems/jruby-1.6.4@projek.to/gems/neo4j-admin-0.0.2-java/lib/neo4j-admin/jars/pipes-0.8.jar
2012-01-14 09:14:05.374+0000:    [bootstrap] /opt/icedtea6-bin-1.10.4/jre/lib/rt.jar
2012-01-14 09:14:05.374+0000:    [loader.0] file:/home/escher/.rvm/gems/jruby-1.6.4@projek.to/gems/neo4j-1.3.1-java/lib/neo4j/jars/core/org.apache.servicemix.bundles.jline-0.9.94_1.jar
2012-01-14 09:14:05.374+0000:    [loader.3] file:/opt/icedtea6-bin-1.10.4/jre/lib/ext/localedata.jar
2012-01-14 09:14:05.374+0000:    [loader.3] file:/opt/icedtea6-bin-1.10.4/jre/lib/ext/sunpkcs11.jar
2012-01-14 09:14:05.374+0000:    [loader.0] file:/home/escher/.rvm/gems/jruby-1.6.4@projek.to/gems/neo4j-admin-0.0.2-java/lib/neo4j-admin/jars/jansi-1.5.jar
2012-01-14 09:14:05.374+0000:    [bootstrap] /opt/icedtea6-bin-1.10.4/jre/classes
2012-01-14 09:14:05.374+0000:    [loader.3] file:/opt/icedtea6-bin-1.10.4/jre/lib/ext/dnsns.jar
2012-01-14 09:14:05.374+0000:    [loader.0] file:/home/escher/.rvm/gems/jruby-1.6.4@projek.to/gems/neo4j-admin-0.0.2-java/lib/neo4j-admin/jars/neo4j-cypher-plugin-1.6.M01.jar
2012-01-14 09:14:05.374+0000:    [loader.0] file:/home/escher/.rvm/gems/jruby-1.6.4@projek.to/gems/neo4j-1.3.1-java/lib/neo4j/jars/core/neo4j-graph-matching-1.6.M01.jar
2012-01-14 09:14:05.374+0000:    [loader.0] file:/home/escher/.rvm/gems/jruby-1.6.4@projek.to/gems/neo4j-admin-0.0.2-java/lib/neo4j-admin/jars/neo4j-server-1.6.M01-static-web.jar
2012-01-14 09:14:05.374+0000:    [bootstrap] /opt/icedtea6-bin-1.10.4/jre/lib/jce.jar
2012-01-14 09:14:05.374+0000: Library Path:
2012-01-14 09:14:05.374+0000:   /opt/icedtea6-bin-1.10.4/jre/lib/amd64/server
2012-01-14 09:14:05.374+0000:   /opt/icedtea6-bin-1.10.4/jre/lib/amd64
2012-01-14 09:14:05.375+0000:   /opt/icedtea6-bin-1.10.4/lib/amd64
2012-01-14 09:14:05.375+0000:   /usr/java/packages/lib/amd64
2012-01-14 09:14:05.375+0000:   /usr/lib64
2012-01-14 09:14:05.375+0000:   /lib64
2012-01-14 09:14:05.375+0000:   /lib64
2012-01-14 09:14:05.375+0000:   /usr/lib64
2012-01-14 09:14:05.386+0000: Garbage Collector: PS Scavenge: [PS Eden Space, PS Survivor Space]
2012-01-14 09:14:05.386+0000: Garbage Collector: PS MarkSweep: [PS Eden Space, PS Survivor Space, PS Old Gen, PS Perm Gen]
2012-01-14 09:14:05.387+0000: Memory Pool: Code Cache (Non-heap memory): committed=3.50 MB, used=3.23 MB, max=48.00 MB, threshold=0.00 B
2012-01-14 09:14:05.387+0000: Memory Pool: PS Eden Space (Heap memory): committed=121.50 MB, used=16.62 MB, max=140.44 MB, threshold=?
2012-01-14 09:14:05.388+0000: Memory Pool: PS Survivor Space (Heap memory): committed=11.75 MB, used=11.75 MB, max=11.75 MB, threshold=?
2012-01-14 09:14:05.388+0000: Memory Pool: PS Old Gen (Heap memory): committed=40.94 MB, used=19.51 MB, max=333.38 MB, threshold=0.00 B
2012-01-14 09:14:05.389+0000: Memory Pool: PS Perm Gen (Non-heap memory): committed=31.63 MB, used=31.51 MB, max=166.00 MB, threshold=0.00 B
2012-01-14 09:14:05.389+0000: VM Arguments: [-Djdk.home=, -Djruby.home=/home/escher/.rvm/rubies/jruby-1.6.4, -Djruby.script=jruby, -Djruby.shell=/bin/sh, -Djffi.boot.library.path=/home/escher/.rvm/rubies/jruby-1.6.4/lib/native/ppc-Linux:/home/escher/.rvm/rubies/jruby-1.6.4/lib/native/i386-Linux:/home/escher/.rvm/rubies/jruby-1.6.4/lib/native/x86_64-Linux, -Xmx500m, -Xss2048k, -Djruby.memory.max=500m, -Djruby.stack.max=2048k, -Xbootclasspath/a:/home/escher/.rvm/rubies/jruby-1.6.4/lib/jruby.jar]
2012-01-14 09:14:05.389+0000: System properties:
2012-01-14 09:14:05.401+0000:   jruby.home = /home/escher/.rvm/rubies/jruby-1.6.4
2012-01-14 09:14:05.401+0000:   sun.boot.library.path = /opt/icedtea6-bin-1.10.4/jre/lib/amd64
2012-01-14 09:14:05.401+0000:   path.separator = :
2012-01-14 09:14:05.402+0000:   file.encoding.pkg = sun.io
2012-01-14 09:14:05.402+0000:   sun.java.launcher = SUN_STANDARD
2012-01-14 09:14:05.402+0000:   user.country = US
2012-01-14 09:14:05.402+0000:   sun.os.patch.level = unknown
2012-01-14 09:14:05.402+0000:   user.dir = /home/escher/src/rails/neo4j-rails-example
2012-01-14 09:14:05.402+0000:   jdk.home = 
2012-01-14 09:14:05.402+0000:   sun.jnu.encoding = ANSI_X3.4-1968
2012-01-14 09:14:05.402+0000:   jruby.memory.max = 500m
2012-01-14 09:14:05.402+0000:   sun.management.compiler = HotSpot 64-Bit Tiered Compilers
2012-01-14 09:14:05.402+0000:   jffi.boot.library.path = /home/escher/.rvm/rubies/jruby-1.6.4/lib/native/ppc-Linux:/home/escher/.rvm/rubies/jruby-1.6.4/lib/native/i386-Linux:/home/escher/.rvm/rubies/jruby-1.6.4/lib/native/x86_64-Linux
2012-01-14 09:14:05.402+0000:   user.home = /home/escher
2012-01-14 09:14:05.402+0000:   user.timezone = UTC
2012-01-14 09:14:05.402+0000:   file.encoding = ANSI_X3.4-1968
2012-01-14 09:14:05.402+0000:   jruby.stack.max = 2048k
2012-01-14 09:14:05.402+0000:   jruby.script = jruby
2012-01-14 09:14:05.402+0000:   user.name = escher
2012-01-14 09:14:05.402+0000:   jruby.shell = /bin/sh
2012-01-14 09:14:05.402+0000:   sun.java.command = org/jruby/Main /home/escher/.rvm/gems/jruby-1.6.4@projek.to/bin/rails s
2012-01-14 09:14:05.402+0000:   sun.arch.data.model = 64
2012-01-14 09:14:05.402+0000:   user.language = en
2012-01-14 09:14:05.403+0000:   file.separator = /
2012-01-14 09:14:05.403+0000:   sun.io.unicode.encoding = UnicodeLittle
2012-01-14 09:14:05.403+0000:   sun.cpu.endian = little
2012-01-14 09:14:05.403+0000:   sun.cpu.isalist = 
2012-01-14 09:14:05.403+0000: Neo4j Kernel properties:
2012-01-14 09:14:05.403+0000:   store_dir=/home/escher/src/rails/neo4j-rails-example/db/neo4j-development
2012-01-14 09:14:05.403+0000:   logical_log=/home/escher/src/rails/neo4j-rails-example/db/neo4j-development/nioneo_logical.log
2012-01-14 09:14:05.403+0000:   online_backup_enabled=NO
2012-01-14 09:14:05.403+0000:   ha.machine_id=2
2012-01-14 09:14:05.403+0000:   enable_rules=YES
2012-01-14 09:14:05.403+0000:   min_node_cache_size=0
2012-01-14 09:14:05.403+0000:   neostore.relationshipstore.db.mapped_memory=50M
2012-01-14 09:14:05.403+0000:   node_auto_indexing=false
2012-01-14 09:14:05.403+0000:   neostore.nodestore.db.mapped_memory=25M
2012-01-14 09:14:05.403+0000:   min_relationship_cache_size=0
2012-01-14 09:14:05.403+0000:   ha.db=NO
2012-01-14 09:14:05.403+0000:   max_relationship_cache_size=3500
2012-01-14 09:14:05.403+0000:   use_adaptive_cache=YES
2012-01-14 09:14:05.403+0000:   adaptive_cache_heap_ratio=0.77
2012-01-14 09:14:05.403+0000:   identity_map=NO
2012-01-14 09:14:05.404+0000:   adaptive_cache_manager_decrease_ratio=1.15
2012-01-14 09:14:05.404+0000:   timestamps=YES
2012-01-14 09:14:05.404+0000:   use_memory_mapped_buffers=true
2012-01-14 09:14:05.404+0000:   rebuild_idgenerators_fast=true
2012-01-14 09:14:05.404+0000:   ha.zoo_keeper_servers=localhost:2181,localhost:2182,localhost:2183
2012-01-14 09:14:05.404+0000:   neostore.propertystore.db.index.keys.mapped_memory=1M
2012-01-14 09:14:05.404+0000:   max_node_cache_size=1500
2012-01-14 09:14:05.404+0000:   neostore.propertystore.db.strings.mapped_memory=130M
2012-01-14 09:14:05.404+0000:   neostore.propertystore.db.arrays.mapped_memory=130M
2012-01-14 09:14:05.404+0000:   neo_store=/home/escher/src/rails/neo4j-rails-example/db/neo4j-development/neostore
2012-01-14 09:14:05.404+0000:   adaptive_cache_worker_sleep_time=3000
2012-01-14 09:14:05.404+0000:   neostore.propertystore.db.index.mapped_memory=1M
2012-01-14 09:14:05.404+0000:   create=true
2012-01-14 09:14:05.404+0000:   adaptive_cache_manager_increase_ratio=1.1
2012-01-14 09:14:05.404+0000:   enable_remote_shell=port=9332
2012-01-14 09:14:05.404+0000:   neostore.propertystore.db.mapped_memory=90M
2012-01-14 09:14:05.404+0000:   relationship_auto_indexing=false
2012-01-14 09:14:05.404+0000:   storage_path=/home/escher/src/rails/neo4j-rails-example/db/neo4j-development
2012-01-14 09:14:05.404+0000:   ha.server=localhost:6002
2012-01-14 09:14:05.404+0000:   migration_thread=NO
2012-01-14 09:14:05.404+0000: Storage files:
2012-01-14 09:14:05.405+0000:   lock: 0.00 B
2012-01-14 09:14:05.405+0000:   neostore.propertystore.db.index: 0.00 B
2012-01-14 09:14:05.405+0000:   neostore.relationshiptypestore.db: 0.00 B
2012-01-14 09:14:05.405+0000:   neostore.propertystore.db.id: 9.00 B
2012-01-14 09:14:05.405+0000:   index:
2012-01-14 09:14:05.406+0000:     lucene.log.1: 16.00 B
2012-01-14 09:14:05.406+0000:     lucene-store.db: 32.00 B
2012-01-14 09:14:05.406+0000:     lucene.log.active: 4.00 B
2012-01-14 09:14:05.406+0000:   - Total: 52.00 B
2012-01-14 09:14:05.406+0000:   neostore.relationshiptypestore.db.names.id: 9.00 B
2012-01-14 09:14:05.406+0000:   neostore.propertystore.db.arrays: 128.00 B
2012-01-14 09:14:05.406+0000:   neostore.propertystore.db.arrays.id: 9.00 B
2012-01-14 09:14:05.407+0000:   neostore.propertystore.db: 0.00 B
2012-01-14 09:14:05.407+0000:   nioneo_logical.log.1: 16.00 B
2012-01-14 09:14:05.407+0000:   neostore.id: 9.00 B
2012-01-14 09:14:05.407+0000:   tm_tx_log.1: 0.00 B
2012-01-14 09:14:05.407+0000:   neostore.propertystore.db.strings: 128.00 B
2012-01-14 09:14:05.407+0000:   neostore.relationshiptypestore.db.names: 38.00 B
2012-01-14 09:14:05.407+0000:   neostore.relationshipstore.db.id: 9.00 B
2012-01-14 09:14:05.408+0000:   neostore: 54.00 B
2012-01-14 09:14:05.408+0000:   neostore.relationshiptypestore.db.id: 9.00 B
2012-01-14 09:14:05.408+0000:   neostore.propertystore.db.index.keys: 38.00 B
2012-01-14 09:14:05.408+0000:   nioneo_logical.log.active: 4.00 B
2012-01-14 09:14:05.408+0000:   neostore.propertystore.db.strings.id: 9.00 B
2012-01-14 09:14:05.408+0000:   neostore.propertystore.db.index.keys.id: 9.00 B
2012-01-14 09:14:05.408+0000:   active_tx_log: 11.00 B
2012-01-14 09:14:05.409+0000:   neostore.nodestore.db: 9.00 B
2012-01-14 09:14:05.409+0000:   neostore.relationshipstore.db: 0.00 B
2012-01-14 09:14:05.409+0000:   neostore.nodestore.db.id: 9.00 B
2012-01-14 09:14:05.409+0000:   messages.log: 17.46 kB
2012-01-14 09:14:05.409+0000:   neostore.propertystore.db.index.id: 9.00 B
2012-01-14 09:14:05.409+0000: Id usage:
2012-01-14 09:14:05.409+0000:   NodeStore: used=1 high=0
2012-01-14 09:14:05.409+0000:   RelationshipStore: used=0 high=-1
2012-01-14 09:14:05.410+0000:   RelationshipTypeStore: used=0 high=-1
2012-01-14 09:14:05.410+0000:   PropertyStore: used=0 high=-1
2012-01-14 09:14:05.410+0000:   PropertyIndexStore: used=0 high=-1
2012-01-14 09:14:05.410+0000:   StringPropertyStore: used=1 high=0
2012-01-14 09:14:05.410+0000:   ArrayPropertyStore: used=1 high=0
2012-01-14 09:14:05.415+0000: Schedulers:   none
  none
  none
  none
  none
  none
  none
  none
  none
  none
  none
  none
  none
  none
  none
  none
  none
  none
  none
  none
  none
  none
  none
  none
  noop deadline [cfq] 
  noop deadline [cfq] 
  none

2012-01-14 09:14:05.415+0000: --- CONFIGURATION END ---
2012-01-14 09:14:05.715+0000: Extension org.neo4j.kernel.KernelExtension[kernel jmx] loaded ok
2012-01-14 09:14:05.719+0000: Extension org.neo4j.kernel.KernelExtension[kernel udc] loaded ok
2012-01-14 09:14:06.328+0000: Extension org.neo4j.kernel.KernelExtension[shell] loaded ok
2012-01-14 09:14:06.561+0000: --- SERVER STARTUP START ---
2012-01-14 09:14:06.561+0000: Server configuration:
2012-01-14 09:14:06.562+0000:   org.neo4j.server.database.location = /home/escher/src/rails/neo4j-rails-example/db/neo4j-development
2012-01-14 09:14:06.600+0000: Mounted discovery module (org.neo4j.server.rest.discovery) at: /
2012-01-14 09:14:06.689+0000: Loaded server plugin "CypherPlugin" (org.neo4j.server.plugin.cypher.CypherPlugin)
2012-01-14 09:14:06.693+0000:   GraphDatabaseService.execute_query: execute a query
2012-01-14 09:14:06.694+0000: Loaded server plugin "GremlinPlugin" (org.neo4j.server.plugin.gremlin.GremlinPlugin)
2012-01-14 09:14:06.694+0000:   GraphDatabaseService.execute_script: execute a Gremlin script with 'g' set to the Neo4jGraph and 'results' containing the results. Only results of one object type is supported.
2012-01-14 09:14:06.695+0000: Mounted REST API at: /db/data
2012-01-14 09:14:06.697+0000: Mounted management API at: /db/manage
2012-01-14 09:14:06.792+0000: Mounted webadmin at: /webadmin
2012-01-14 09:14:10.110+0000: Server started on: http://localhost:7474/
2012-01-14 09:14:10.111+0000: --- SERVER STARTUP END ---
2012-01-14 09:20:58.822+0000: Closed log /home/escher/src/rails/neo4j-rails-example/db/neo4j-development/nioneo_logical.log
2012-01-14 09:20:59.461+0000: NeoStore closed
2012-01-14 09:20:59.574+0000: Closed log /home/escher/src/rails/neo4j-rails-example/db/neo4j-development/index/lucene.log
2012-01-14 09:20:59.574+0000: NeoStore closed
2012-01-14 09:20:59.619+0000: TM shutting down
2012-01-14 10:31:25.951+0000: Opened [/home/escher/src/rails/neo4j-rails-example/db/neo4j-development/nioneo_logical.log.1] clean empty log, version=0, lastTxId=12
2012-01-14 10:31:26.095+0000: Opened [/home/escher/src/rails/neo4j-rails-example/db/neo4j-development/index/lucene.log.1] clean empty log, version=0, lastTxId=5
2012-01-14 10:31:26.142+0000: TM opening log: /home/escher/src/rails/neo4j-rails-example/db/neo4j-development/tm_tx_log.1
2012-01-14 10:31:26.182+0000: --- CONFIGURATION START ---
2012-01-14 10:31:26.183+0000: Graph Database: org.neo4j.kernel.EmbeddedGraphDatabase StoreId[time:1326532442834, id:7779687673803614325, store version: 13561656364791302]
2012-01-14 10:31:26.183+0000: Physical mem: 3925MB, Heap size: 444MB
2012-01-14 10:31:26.186+0000: Kernel version: Neo4j - Graph Database Kernel 1.6.M01
2012-01-14 10:31:26.186+0000: Neo4j component versions:
2012-01-14 10:31:26.186+0000:   Neo4j - Graph Database Kernel 1.6.M01
2012-01-14 10:31:26.186+0000: Store versions:
2012-01-14 10:31:26.187+0000:   NeoStore v0.A.0
2012-01-14 10:31:26.187+0000:   NodeStore v0.A.0
2012-01-14 10:31:26.187+0000:   RelationshipStore v0.A.0
2012-01-14 10:31:26.187+0000:   RelationshipTypeStore v0.A.0
2012-01-14 10:31:26.187+0000:   PropertyStore v0.A.0
2012-01-14 10:31:26.187+0000:   PropertyIndexStore v0.A.0
2012-01-14 10:31:26.187+0000:   StringPropertyStore v0.A.0
2012-01-14 10:31:26.187+0000:   ArrayPropertyStore v0.A.0
2012-01-14 10:31:26.188+0000: Process id: 23871@orbiter.karma0.net
2012-01-14 10:31:26.188+0000: Operating System: Linux; version: 3.2.0-gentoo-r1; arch: amd64; cpus: 2
2012-01-14 10:31:26.188+0000: Max number of file descriptors: 4096
2012-01-14 10:31:26.189+0000: Number of open file descriptors: 77
2012-01-14 10:31:26.190+0000: Total Physical memory: 3.83 GB
2012-01-14 10:31:26.191+0000: Free Physical memory: 488.29 MB
2012-01-14 10:31:26.191+0000: Committed virtual memory: 906.13 MB
2012-01-14 10:31:26.191+0000: Total swap space: 9.32 GB
2012-01-14 10:31:26.191+0000: Free swap space: 9.06 GB
2012-01-14 10:31:26.193+0000: Byte order: LITTLE_ENDIAN
2012-01-14 10:31:26.193+0000: VM Name: OpenJDK 64-Bit Server VM
2012-01-14 10:31:26.193+0000: VM Vendor: Sun Microsystems Inc.
2012-01-14 10:31:26.193+0000: VM Version: 20.0-b11
2012-01-14 10:31:26.194+0000: JIT compiler: HotSpot 64-Bit Tiered Compilers
2012-01-14 10:31:26.197+0000: Class Path:
2012-01-14 10:31:26.197+0000:    [loader.0] file:/home/escher/.rvm/gems/jruby-1.6.4@projek.to/gems/neo4j-admin-0.0.2-java/lib/neo4j-admin/jars/jackson-core-asl-1.8.3.jar
2012-01-14 10:31:26.197+0000:    [loader.0] file:/home/escher/.rvm/gems/jruby-1.6.4@projek.to/gems/neo4j-admin-0.0.2-java/lib/neo4j-admin/jars/blueprints-core-1.0.jar
2012-01-14 10:31:26.197+0000:    [loader.0] file:/home/escher/.rvm/gems/jruby-1.6.4@projek.to/gems/neo4j-admin-0.0.2-java/lib/neo4j-admin/jars/commons-collections-3.2.1.jar
2012-01-14 10:31:26.197+0000:    [bootstrap] /home/escher/.rvm/rubies/jruby-1.6.4/lib/jruby.jar
2012-01-14 10:31:26.197+0000:    [loader.0] file:/home/escher/.rvm/gems/jruby-1.6.4@projek.to/gems/neo4j-admin-0.0.2-java/lib/neo4j-admin/jars/blueprints-neo4j-graph-1.0.jar
2012-01-14 10:31:26.197+0000:    [loader.0] file:/home/escher/.rvm/gems/jruby-1.6.4@projek.to/gems/neo4j-admin-0.0.2-java/lib/neo4j-admin/jars/neo4j-gremlin-plugin-1.6.M01.jar
2012-01-14 10:31:26.197+0000:    [loader.0] file:/home/escher/.rvm/gems/jruby-1.6.4@projek.to/gems/neo4j-1.3.1-java/lib/neo4j/jars/core/geronimo-jta_1.1_spec-1.1.1.jar
2012-01-14 10:31:26.197+0000:    [loader.0] file:/home/escher/.rvm/gems/jruby-1.6.4@projek.to/gems/neo4j-admin-0.0.2-java/lib/neo4j-admin/jars/rrd4j-2.0.7.jar
2012-01-14 10:31:26.197+0000:    [loader.0] file:/home/escher/.rvm/gems/jruby-1.6.4@projek.to/gems/neo4j-1.3.1-java/lib/neo4j/jars/core/neo4j-jmx-1.6.M01.jar
2012-01-14 10:31:26.197+0000:    [loader.0] file:/home/escher/.rvm/gems/jruby-1.6.4@projek.to/gems/neo4j-1.3.1-java/lib/neo4j/jars/core/neo4j-lucene-index-1.6.M01.jar
2012-01-14 10:31:26.197+0000:    [bootstrap] /opt/icedtea6-bin-1.10.4/jre/lib/resources.jar
2012-01-14 10:31:26.197+0000:    [loader.0] file:/home/escher/.rvm/gems/jruby-1.6.4@projek.to/gems/neo4j-admin-0.0.2-java/lib/neo4j-admin/jars/jetty-util-6.1.25.jar
2012-01-14 10:31:26.197+0000:    [loader.0] file:/home/escher/.rvm/gems/jruby-1.6.4@projek.to/gems/neo4j-admin-0.0.2-java/lib/neo4j-admin/jars/jersey-core-1.9.jar
2012-01-14 10:31:26.197+0000:    [loader.0] file:/home/escher/.rvm/gems/jruby-1.6.4@projek.to/gems/neo4j-1.3.1-java/lib/neo4j/jars/core/neo4j-kernel-1.6.M01.jar
2012-01-14 10:31:26.197+0000:    [bootstrap] /opt/icedtea6-bin-1.10.4/jre/lib/jsse.jar
2012-01-14 10:31:26.198+0000:    [loader.0] file:/home/escher/.rvm/gems/jruby-1.6.4@projek.to/gems/neo4j-admin-0.0.2-java/lib/neo4j-admin/jars/asm-3.1.jar
2012-01-14 10:31:26.198+0000:    [loader.0] file:/home/escher/.rvm/gems/jruby-1.6.4@projek.to/gems/neo4j-admin-0.0.2-java/lib/neo4j-admin/jars/groovy-1.8.2.jar
2012-01-14 10:31:26.198+0000:    [loader.0] file:/home/escher/.rvm/gems/jruby-1.6.4@projek.to/gems/neo4j-1.3.1-java/lib/neo4j/jars/core/neo4j-shell-1.6.M01.jar
2012-01-14 10:31:26.198+0000:    [loader.0] file:/home/escher/.rvm/gems/jruby-1.6.4@projek.to/gems/neo4j-1.3.1-java/lib/neo4j/jars/core/neo4j-udc-1.6.M01.jar
2012-01-14 10:31:26.198+0000:    [loader.0] file:/home/escher/.rvm/gems/jruby-1.6.4@projek.to/gems/neo4j-admin-0.0.2-java/lib/neo4j-admin/jars/commons-lang-2.4.jar
2012-01-14 10:31:26.198+0000:    [loader.0] file:/home/escher/.rvm/gems/jruby-1.6.4@projek.to/gems/neo4j-1.3.1-java/lib/neo4j/jars/core/lucene-core-3.1.0.jar
2012-01-14 10:31:26.198+0000:    [loader.0] file:/home/escher/.rvm/gems/jruby-1.6.4@projek.to/gems/neo4j-1.3.1-java/lib/neo4j/jars/core/scala-library-2.9.0-1.jar
2012-01-14 10:31:26.198+0000:    [loader.0] file:/home/escher/.rvm/gems/jruby-1.6.4@projek.to/gems/neo4j-admin-0.0.2-java/lib/neo4j-admin/jars/jersey-server-1.9.jar
2012-01-14 10:31:26.198+0000:    [bootstrap] /opt/icedtea6-bin-1.10.4/jre/lib/rhino.jar
2012-01-14 10:31:26.198+0000:    [loader.0] file:/home/escher/.rvm/gems/jruby-1.6.4@projek.to/gems/neo4j-admin-0.0.2-java/lib/neo4j-admin/jars/jackson-mapper-asl-1.8.3.jar
2012-01-14 10:31:26.198+0000:    [loader.0] file:/home/escher/.rvm/gems/jruby-1.6.4@projek.to/gems/neo4j-admin-0.0.2-java/lib/neo4j-admin/jars/antlr-2.7.7.jar
2012-01-14 10:31:26.198+0000:    [loader.0] file:/home/escher/.rvm/gems/jruby-1.6.4@projek.to/gems/neo4j-admin-0.0.2-java/lib/neo4j-admin/jars/gremlin-1.3.jar
2012-01-14 10:31:26.198+0000:    [loader.0] file:/home/escher/.rvm/gems/jruby-1.6.4@projek.to/gems/neo4j-admin-0.0.2-java/lib/neo4j-admin/jars/commons-logging-1.1.1.jar
2012-01-14 10:31:26.198+0000:    [loader.3] file:/opt/icedtea6-bin-1.10.4/jre/lib/ext/sunjce_provider.jar
2012-01-14 10:31:26.198+0000:    [bootstrap] /opt/icedtea6-bin-1.10.4/jre/lib/modules/jdk.boot.jar
2012-01-14 10:31:26.198+0000:    [loader.0] file:/home/escher/.rvm/gems/jruby-1.6.4@projek.to/gems/neo4j-admin-0.0.2-java/lib/neo4j-admin/jars/commons-configuration-1.6.jar
2012-01-14 10:31:26.198+0000:    [bootstrap] /opt/icedtea6-bin-1.10.4/jre/lib/sunrsasign.jar
2012-01-14 10:31:26.198+0000:    [bootstrap] /opt/icedtea6-bin-1.10.4/jre/lib/plugin.jar
2012-01-14 10:31:26.198+0000:    [loader.0] file:/home/escher/.rvm/gems/jruby-1.6.4@projek.to/gems/neo4j-1.3.1-java/lib/neo4j/jars/core/neo4j-graph-algo-1.6.M01.jar
2012-01-14 10:31:26.198+0000:    [loader.0] file:/home/escher/.rvm/gems/jruby-1.6.4@projek.to/gems/neo4j-1.3.1-java/lib/neo4j/jars/ha/neo4j-management-1.6.M01.jar
2012-01-14 10:31:26.198+0000:    [loader.0] file:/home/escher/.rvm/gems/jruby-1.6.4@projek.to/gems/neo4j-1.3.1-java/lib/neo4j/jars/core/server-api-1.6.M01.jar
2012-01-14 10:31:26.199+0000:    [loader.0] file:/home/escher/.rvm/gems/jruby-1.6.4@projek.to/gems/neo4j-1.3.1-java/lib/neo4j/jars/core/neo4j-cypher-1.6.M01.jar
2012-01-14 10:31:26.199+0000:    [loader.0] file:/home/escher/.rvm/gems/jruby-1.6.4@projek.to/gems/neo4j-admin-0.0.2-java/lib/neo4j-admin/jars/jetty-6.1.25.jar
2012-01-14 10:31:26.199+0000:    [loader.0] file:/home/escher/.rvm/gems/jruby-1.6.4@projek.to/gems/neo4j-admin-0.0.2-java/lib/neo4j-admin/jars/servlet-api-2.5-20081211.jar
2012-01-14 10:31:26.199+0000:    [bootstrap] /opt/icedtea6-bin-1.10.4/jre/lib/charsets.jar
2012-01-14 10:31:26.199+0000:    [loader.0] file:/home/escher/.rvm/gems/jruby-1.6.4@projek.to/gems/json-1.6.4-java/lib/json/ext/parser.jar
2012-01-14 10:31:26.199+0000:    [bootstrap] /opt/icedtea6-bin-1.10.4/jre/lib/netx.jar
2012-01-14 10:31:26.199+0000:    [loader.0] file:/home/escher/.rvm/gems/jruby-1.6.4@projek.to/gems/neo4j-admin-0.0.2-java/lib/neo4j-admin/jars/neo4j-server-1.6.M01.jar
2012-01-14 10:31:26.199+0000:    [loader.2] file:/home/escher/src/rails/neo4j-rails-example/
2012-01-14 10:31:26.199+0000:    [loader.0] file:/home/escher/.rvm/gems/jruby-1.6.4@projek.to/gems/neo4j-admin-0.0.2-java/lib/neo4j-admin/jars/pipes-0.8.jar
2012-01-14 10:31:26.199+0000:    [bootstrap] /opt/icedtea6-bin-1.10.4/jre/lib/rt.jar
2012-01-14 10:31:26.199+0000:    [loader.0] file:/home/escher/.rvm/gems/jruby-1.6.4@projek.to/gems/neo4j-1.3.1-java/lib/neo4j/jars/core/org.apache.servicemix.bundles.jline-0.9.94_1.jar
2012-01-14 10:31:26.199+0000:    [loader.3] file:/opt/icedtea6-bin-1.10.4/jre/lib/ext/localedata.jar
2012-01-14 10:31:26.199+0000:    [loader.3] file:/opt/icedtea6-bin-1.10.4/jre/lib/ext/sunpkcs11.jar
2012-01-14 10:31:26.199+0000:    [loader.0] file:/home/escher/.rvm/gems/jruby-1.6.4@projek.to/gems/neo4j-admin-0.0.2-java/lib/neo4j-admin/jars/jansi-1.5.jar
2012-01-14 10:31:26.199+0000:    [bootstrap] /opt/icedtea6-bin-1.10.4/jre/classes
2012-01-14 10:31:26.199+0000:    [loader.3] file:/opt/icedtea6-bin-1.10.4/jre/lib/ext/dnsns.jar
2012-01-14 10:31:26.199+0000:    [loader.0] file:/home/escher/.rvm/gems/jruby-1.6.4@projek.to/gems/neo4j-admin-0.0.2-java/lib/neo4j-admin/jars/neo4j-cypher-plugin-1.6.M01.jar
2012-01-14 10:31:26.199+0000:    [loader.0] file:/home/escher/.rvm/gems/jruby-1.6.4@projek.to/gems/neo4j-1.3.1-java/lib/neo4j/jars/core/neo4j-graph-matching-1.6.M01.jar
2012-01-14 10:31:26.199+0000:    [loader.0] file:/home/escher/.rvm/gems/jruby-1.6.4@projek.to/gems/json-1.6.4-java/lib/json/ext/generator.jar
2012-01-14 10:31:26.199+0000:    [loader.0] file:/home/escher/.rvm/gems/jruby-1.6.4@projek.to/gems/neo4j-admin-0.0.2-java/lib/neo4j-admin/jars/neo4j-server-1.6.M01-static-web.jar
2012-01-14 10:31:26.200+0000:    [bootstrap] /opt/icedtea6-bin-1.10.4/jre/lib/jce.jar
2012-01-14 10:31:26.200+0000: Library Path:
2012-01-14 10:31:26.200+0000:   /opt/icedtea6-bin-1.10.4/jre/lib/amd64/server
2012-01-14 10:31:26.200+0000:   /opt/icedtea6-bin-1.10.4/jre/lib/amd64
2012-01-14 10:31:26.200+0000:   /opt/icedtea6-bin-1.10.4/lib/amd64
2012-01-14 10:31:26.200+0000:   /usr/java/packages/lib/amd64
2012-01-14 10:31:26.200+0000:   /usr/lib64
2012-01-14 10:31:26.200+0000:   /lib64
2012-01-14 10:31:26.200+0000:   /lib64
2012-01-14 10:31:26.200+0000:   /usr/lib64
2012-01-14 10:31:26.203+0000: Garbage Collector: PS Scavenge: [PS Eden Space, PS Survivor Space]
2012-01-14 10:31:26.203+0000: Garbage Collector: PS MarkSweep: [PS Eden Space, PS Survivor Space, PS Old Gen, PS Perm Gen]
2012-01-14 10:31:26.204+0000: Memory Pool: Code Cache (Non-heap memory): committed=3.06 MB, used=2.96 MB, max=48.00 MB, threshold=0.00 B
2012-01-14 10:31:26.205+0000: Memory Pool: PS Eden Space (Heap memory): committed=120.25 MB, used=80.45 MB, max=147.75 MB, threshold=?
2012-01-14 10:31:26.205+0000: Memory Pool: PS Survivor Space (Heap memory): committed=7.88 MB, used=7.88 MB, max=7.88 MB, threshold=?
2012-01-14 10:31:26.206+0000: Memory Pool: PS Old Gen (Heap memory): committed=40.94 MB, used=18.58 MB, max=333.38 MB, threshold=0.00 B
2012-01-14 10:31:26.206+0000: Memory Pool: PS Perm Gen (Non-heap memory): committed=31.25 MB, used=31.12 MB, max=166.00 MB, threshold=0.00 B
2012-01-14 10:31:26.206+0000: VM Arguments: [-Djdk.home=, -Djruby.home=/home/escher/.rvm/rubies/jruby-1.6.4, -Djruby.script=jruby, -Djruby.shell=/bin/sh, -Djffi.boot.library.path=/home/escher/.rvm/rubies/jruby-1.6.4/lib/native/ppc-Linux:/home/escher/.rvm/rubies/jruby-1.6.4/lib/native/i386-Linux:/home/escher/.rvm/rubies/jruby-1.6.4/lib/native/x86_64-Linux, -Xmx500m, -Xss2048k, -Djruby.memory.max=500m, -Djruby.stack.max=2048k, -Xbootclasspath/a:/home/escher/.rvm/rubies/jruby-1.6.4/lib/jruby.jar]
2012-01-14 10:31:26.206+0000: System properties:
2012-01-14 10:31:26.207+0000:   jruby.home = /home/escher/.rvm/rubies/jruby-1.6.4
2012-01-14 10:31:26.207+0000:   sun.boot.library.path = /opt/icedtea6-bin-1.10.4/jre/lib/amd64
2012-01-14 10:31:26.207+0000:   path.separator = :
2012-01-14 10:31:26.207+0000:   file.encoding.pkg = sun.io
2012-01-14 10:31:26.207+0000:   sun.java.launcher = SUN_STANDARD
2012-01-14 10:31:26.207+0000:   user.country = US
2012-01-14 10:31:26.207+0000:   sun.os.patch.level = unknown
2012-01-14 10:31:26.207+0000:   user.dir = /home/escher/src/rails/neo4j-rails-example
2012-01-14 10:31:26.207+0000:   jdk.home = 
2012-01-14 10:31:26.207+0000:   sun.jnu.encoding = ANSI_X3.4-1968
2012-01-14 10:31:26.207+0000:   jruby.memory.max = 500m
2012-01-14 10:31:26.207+0000:   sun.management.compiler = HotSpot 64-Bit Tiered Compilers
2012-01-14 10:31:26.207+0000:   jffi.boot.library.path = /home/escher/.rvm/rubies/jruby-1.6.4/lib/native/ppc-Linux:/home/escher/.rvm/rubies/jruby-1.6.4/lib/native/i386-Linux:/home/escher/.rvm/rubies/jruby-1.6.4/lib/native/x86_64-Linux
2012-01-14 10:31:26.207+0000:   user.home = /home/escher
2012-01-14 10:31:26.207+0000:   user.timezone = UTC
2012-01-14 10:31:26.207+0000:   file.encoding = ANSI_X3.4-1968
2012-01-14 10:31:26.207+0000:   jruby.stack.max = 2048k
2012-01-14 10:31:26.208+0000:   jruby.script = jruby
2012-01-14 10:31:26.208+0000:   user.name = escher
2012-01-14 10:31:26.208+0000:   jruby.shell = /bin/sh
2012-01-14 10:31:26.208+0000:   sun.java.command = org/jruby/Main /home/escher/.rvm/gems/jruby-1.6.4@projek.to/bin/rails s
2012-01-14 10:31:26.208+0000:   sun.arch.data.model = 64
2012-01-14 10:31:26.208+0000:   user.language = en
2012-01-14 10:31:26.208+0000:   file.separator = /
2012-01-14 10:31:26.208+0000:   sun.io.unicode.encoding = UnicodeLittle
2012-01-14 10:31:26.208+0000:   sun.cpu.endian = little
2012-01-14 10:31:26.208+0000:   sun.cpu.isalist = 
2012-01-14 10:31:26.208+0000: Neo4j Kernel properties:
2012-01-14 10:31:26.208+0000:   store_dir=/home/escher/src/rails/neo4j-rails-example/db/neo4j-development
2012-01-14 10:31:26.208+0000:   logical_log=/home/escher/src/rails/neo4j-rails-example/db/neo4j-development/nioneo_logical.log
2012-01-14 10:31:26.208+0000:   online_backup_enabled=NO
2012-01-14 10:31:26.208+0000:   ha.machine_id=2
2012-01-14 10:31:26.208+0000:   enable_rules=YES
2012-01-14 10:31:26.208+0000:   min_node_cache_size=0
2012-01-14 10:31:26.208+0000:   neostore.relationshipstore.db.mapped_memory=50M
2012-01-14 10:31:26.208+0000:   node_auto_indexing=false
2012-01-14 10:31:26.208+0000:   neostore.nodestore.db.mapped_memory=25M
2012-01-14 10:31:26.209+0000:   min_relationship_cache_size=0
2012-01-14 10:31:26.209+0000:   ha.db=NO
2012-01-14 10:31:26.209+0000:   max_relationship_cache_size=3500
2012-01-14 10:31:26.209+0000:   use_adaptive_cache=YES
2012-01-14 10:31:26.209+0000:   adaptive_cache_heap_ratio=0.77
2012-01-14 10:31:26.209+0000:   identity_map=NO
2012-01-14 10:31:26.209+0000:   adaptive_cache_manager_decrease_ratio=1.15
2012-01-14 10:31:26.209+0000:   timestamps=YES
2012-01-14 10:31:26.209+0000:   use_memory_mapped_buffers=true
2012-01-14 10:31:26.209+0000:   rebuild_idgenerators_fast=true
2012-01-14 10:31:26.209+0000:   ha.zoo_keeper_servers=localhost:2181,localhost:2182,localhost:2183
2012-01-14 10:31:26.209+0000:   neostore.propertystore.db.index.keys.mapped_memory=1M
2012-01-14 10:31:26.209+0000:   max_node_cache_size=1500
2012-01-14 10:31:26.209+0000:   neostore.propertystore.db.strings.mapped_memory=130M
2012-01-14 10:31:26.209+0000:   neostore.propertystore.db.arrays.mapped_memory=130M
2012-01-14 10:31:26.209+0000:   neo_store=/home/escher/src/rails/neo4j-rails-example/db/neo4j-development/neostore
2012-01-14 10:31:26.209+0000:   adaptive_cache_worker_sleep_time=3000
2012-01-14 10:31:26.209+0000:   neostore.propertystore.db.index.mapped_memory=1M
2012-01-14 10:31:26.209+0000:   create=true
2012-01-14 10:31:26.209+0000:   adaptive_cache_manager_increase_ratio=1.1
2012-01-14 10:31:26.209+0000:   enable_remote_shell=port=9332
2012-01-14 10:31:26.210+0000:   neostore.propertystore.db.mapped_memory=90M
2012-01-14 10:31:26.210+0000:   relationship_auto_indexing=false
2012-01-14 10:31:26.210+0000:   storage_path=/home/escher/src/rails/neo4j-rails-example/db/neo4j-development
2012-01-14 10:31:26.210+0000:   ha.server=localhost:6002
2012-01-14 10:31:26.210+0000:   migration_thread=NO
2012-01-14 10:31:26.210+0000: Storage files:
2012-01-14 10:31:26.210+0000:   rrd: 1.93 MB
2012-01-14 10:31:26.210+0000:   lock: 0.00 B
2012-01-14 10:31:26.210+0000:   neostore.propertystore.db.index: 1.02 kB
2012-01-14 10:31:26.211+0000:   neostore.relationshiptypestore.db: 25.00 B
2012-01-14 10:31:26.211+0000:   neostore.propertystore.db.id: 9.00 B
2012-01-14 10:31:26.211+0000:   index:
2012-01-14 10:31:26.211+0000:     lucene.log.1: 16.00 B
2012-01-14 10:31:26.211+0000:     lucene:
2012-01-14 10:31:26.211+0000:       relationship:
2012-01-14 10:31:26.211+0000:         Neo4j_Rails_Relationship_exact:
2012-01-14 10:31:26.212+0000:           segments.gen: 20.00 B
2012-01-14 10:31:26.212+0000:           _0.fdt: 24.00 B
2012-01-14 10:31:26.212+0000:           _0.fdx: 12.00 B
2012-01-14 10:31:26.212+0000:           _0.fnm: 56.00 B
2012-01-14 10:31:26.212+0000:           _0.frq: 4.00 B
2012-01-14 10:31:26.212+0000:           _0.nrm: 8.00 B
2012-01-14 10:31:26.212+0000:           _0.prx: 4.00 B
2012-01-14 10:31:26.213+0000:           _0.tii: 35.00 B
2012-01-14 10:31:26.213+0000:           _0.tis: 55.00 B
2012-01-14 10:31:26.213+0000:           _1.fdt: 24.00 B
2012-01-14 10:31:26.213+0000:           _1.fdx: 12.00 B
2012-01-14 10:31:26.213+0000:           _1.fnm: 56.00 B
2012-01-14 10:31:26.213+0000:           _1.frq: 4.00 B
2012-01-14 10:31:26.214+0000:           _1.nrm: 8.00 B
2012-01-14 10:31:26.214+0000:           _1.prx: 4.00 B
2012-01-14 10:31:26.214+0000:           _1.tii: 35.00 B
2012-01-14 10:31:26.214+0000:           _1.tis: 55.00 B
2012-01-14 10:31:26.214+0000:           segments_1: 450.00 B
2012-01-14 10:31:26.214+0000:         - Total: 866.00 B
2012-01-14 10:31:26.214+0000:         Role_exact:
2012-01-14 10:31:26.215+0000:           segments.gen: 20.00 B
2012-01-14 10:31:26.215+0000:           _0.fdt: 24.00 B
2012-01-14 10:31:26.215+0000:           _0.fdx: 12.00 B
2012-01-14 10:31:26.215+0000:           _0.fnm: 56.00 B
2012-01-14 10:31:26.215+0000:           _0.frq: 4.00 B
2012-01-14 10:31:26.215+0000:           _0.nrm: 8.00 B
2012-01-14 10:31:26.215+0000:           _0.prx: 4.00 B
2012-01-14 10:31:26.216+0000:           _0.tii: 35.00 B
2012-01-14 10:31:26.216+0000:           _0.tis: 55.00 B
2012-01-14 10:31:26.216+0000:           _1.fdt: 24.00 B
2012-01-14 10:31:26.216+0000:           _1.fdx: 12.00 B
2012-01-14 10:31:26.216+0000:           _1.fnm: 56.00 B
2012-01-14 10:31:26.216+0000:           _1.frq: 4.00 B
2012-01-14 10:31:26.216+0000:           _1.nrm: 8.00 B
2012-01-14 10:31:26.217+0000:           _1.prx: 4.00 B
2012-01-14 10:31:26.217+0000:           _1.tii: 35.00 B
2012-01-14 10:31:26.217+0000:           _1.tis: 55.00 B
2012-01-14 10:31:26.217+0000:           segments_1: 450.00 B
2012-01-14 10:31:26.217+0000:         - Total: 866.00 B
2012-01-14 10:31:26.217+0000:       - Total: 1.69 kB
2012-01-14 10:31:26.217+0000:     - Total: 1.69 kB
2012-01-14 10:31:26.218+0000:     lucene-store.db: 32.00 B
2012-01-14 10:31:26.218+0000:     lucene.log.active: 4.00 B
2012-01-14 10:31:26.218+0000:   - Total: 1.74 kB
2012-01-14 10:31:26.218+0000:   neostore.relationshiptypestore.db.names.id: 9.00 B
2012-01-14 10:31:26.218+0000:   neostore.propertystore.db.arrays: 128.00 B
2012-01-14 10:31:26.218+0000:   neostore.propertystore.db.arrays.id: 9.00 B
2012-01-14 10:31:26.218+0000:   neostore.propertystore.db: 287.00 B
2012-01-14 10:31:26.218+0000:   nioneo_logical.log.1: 16.00 B
2012-01-14 10:31:26.219+0000:   neostore.id: 9.00 B
2012-01-14 10:31:26.219+0000:   tm_tx_log.1: 0.00 B
2012-01-14 10:31:26.219+0000:   neostore.propertystore.db.strings: 256.00 B
2012-01-14 10:31:26.219+0000:   neostore.relationshiptypestore.db.names: 228.00 B
2012-01-14 10:31:26.219+0000:   neostore.relationshipstore.db.id: 9.00 B
2012-01-14 10:31:26.219+0000:   neostore: 54.00 B
2012-01-14 10:31:26.220+0000:   neostore.relationshiptypestore.db.id: 9.00 B
2012-01-14 10:31:26.220+0000:   neostore.propertystore.db.index.keys: 1.00 kB
2012-01-14 10:31:26.220+0000:   nioneo_logical.log.active: 4.00 B
2012-01-14 10:31:26.220+0000:   neostore.propertystore.db.strings.id: 9.00 B
2012-01-14 10:31:26.220+0000:   neostore.propertystore.db.index.keys.id: 9.00 B
2012-01-14 10:31:26.220+0000:   active_tx_log: 11.00 B
2012-01-14 10:31:26.220+0000:   index.db: 243.00 B
2012-01-14 10:31:26.221+0000:   neostore.nodestore.db: 45.00 B
2012-01-14 10:31:26.221+0000:   neostore.relationshipstore.db: 330.00 B
2012-01-14 10:31:26.221+0000:   neostore.nodestore.db.id: 9.00 B
2012-01-14 10:31:26.221+0000:   messages.log: 38.28 kB
2012-01-14 10:31:26.221+0000:   neostore.propertystore.db.index.id: 9.00 B
2012-01-14 10:31:26.221+0000: Id usage:
2012-01-14 10:31:26.221+0000:   NodeStore: used=5 high=4
2012-01-14 10:31:26.222+0000:   RelationshipStore: used=10 high=9
2012-01-14 10:31:26.222+0000:   RelationshipTypeStore: used=5 high=4
2012-01-14 10:31:26.222+0000:   PropertyStore: used=7 high=6
2012-01-14 10:31:26.222+0000:   PropertyIndexStore: used=7 high=6
2012-01-14 10:31:26.222+0000:   StringPropertyStore: used=2 high=1
2012-01-14 10:31:26.222+0000:   ArrayPropertyStore: used=1 high=0
2012-01-14 10:31:26.227+0000: Schedulers:   none
  none
  none
  none
  none
  none
  none
  none
  none
  none
  none
  none
  none
  none
  none
  none
  none
  none
  none
  none
  none
  none
  none
  none
  noop deadline [cfq] 
  noop deadline [cfq] 
  none

2012-01-14 10:31:26.227+0000: --- CONFIGURATION END ---
2012-01-14 10:31:26.359+0000: Extension org.neo4j.kernel.KernelExtension[kernel jmx] loaded ok
2012-01-14 10:31:26.362+0000: Extension org.neo4j.kernel.KernelExtension[kernel udc] loaded ok
2012-01-14 10:31:26.846+0000: Extension org.neo4j.kernel.KernelExtension[shell] loaded ok
2012-01-14 10:31:27.017+0000: --- SERVER STARTUP START ---
2012-01-14 10:31:27.017+0000: Server configuration:
2012-01-14 10:31:27.018+0000:   org.neo4j.server.database.location = /home/escher/src/rails/neo4j-rails-example/db/neo4j-development
2012-01-14 10:31:27.057+0000: Mounted discovery module (org.neo4j.server.rest.discovery) at: /
2012-01-14 10:31:27.129+0000: Loaded server plugin "CypherPlugin" (org.neo4j.server.plugin.cypher.CypherPlugin)
2012-01-14 10:31:27.132+0000:   GraphDatabaseService.execute_query: execute a query
2012-01-14 10:31:27.133+0000: Loaded server plugin "GremlinPlugin" (org.neo4j.server.plugin.gremlin.GremlinPlugin)
2012-01-14 10:31:27.134+0000:   GraphDatabaseService.execute_script: execute a Gremlin script with 'g' set to the Neo4jGraph and 'results' containing the results. Only results of one object type is supported.
2012-01-14 10:31:27.135+0000: Mounted REST API at: /db/data
2012-01-14 10:31:27.136+0000: Mounted management API at: /db/manage
2012-01-14 10:31:27.196+0000: Mounted webadmin at: /webadmin
2012-01-14 10:31:29.922+0000: Server started on: http://localhost:7474/
2012-01-14 10:31:29.926+0000: --- SERVER STARTUP END ---
2012-01-14 10:34:28.207+0000: Closed log /home/escher/src/rails/neo4j-rails-example/db/neo4j-development/nioneo_logical.log
2012-01-14 10:34:28.972+0000: NeoStore closed
2012-01-14 10:34:29.017+0000: Closed log /home/escher/src/rails/neo4j-rails-example/db/neo4j-development/index/lucene.log
2012-01-14 10:34:29.017+0000: NeoStore closed
2012-01-14 10:34:29.017+0000: TM shutting down
2012-01-14 10:34:43.223+0000: Opened [/home/escher/src/rails/neo4j-rails-example/db/neo4j-development/nioneo_logical.log.1] clean empty log, version=0, lastTxId=12
2012-01-14 10:34:43.365+0000: Opened [/home/escher/src/rails/neo4j-rails-example/db/neo4j-development/index/lucene.log.1] clean empty log, version=0, lastTxId=5
2012-01-14 10:34:43.424+0000: TM opening log: /home/escher/src/rails/neo4j-rails-example/db/neo4j-development/tm_tx_log.1
2012-01-14 10:34:43.461+0000: --- CONFIGURATION START ---
2012-01-14 10:34:43.462+0000: Graph Database: org.neo4j.kernel.EmbeddedGraphDatabase StoreId[time:1326532442834, id:7779687673803614325, store version: 13561656364791302]
2012-01-14 10:34:43.463+0000: Physical mem: 3925MB, Heap size: 444MB
2012-01-14 10:34:43.465+0000: Kernel version: Neo4j - Graph Database Kernel 1.6.M01
2012-01-14 10:34:43.465+0000: Neo4j component versions:
2012-01-14 10:34:43.466+0000:   Neo4j - Graph Database Kernel 1.6.M01
2012-01-14 10:34:43.466+0000: Store versions:
2012-01-14 10:34:43.466+0000:   NeoStore v0.A.0
2012-01-14 10:34:43.466+0000:   NodeStore v0.A.0
2012-01-14 10:34:43.466+0000:   RelationshipStore v0.A.0
2012-01-14 10:34:43.466+0000:   RelationshipTypeStore v0.A.0
2012-01-14 10:34:43.466+0000:   PropertyStore v0.A.0
2012-01-14 10:34:43.466+0000:   PropertyIndexStore v0.A.0
2012-01-14 10:34:43.466+0000:   StringPropertyStore v0.A.0
2012-01-14 10:34:43.466+0000:   ArrayPropertyStore v0.A.0
2012-01-14 10:34:43.467+0000: Process id: 24212@orbiter.karma0.net
2012-01-14 10:34:43.468+0000: Operating System: Linux; version: 3.2.0-gentoo-r1; arch: amd64; cpus: 2
2012-01-14 10:34:43.468+0000: Max number of file descriptors: 4096
2012-01-14 10:34:43.468+0000: Number of open file descriptors: 77
2012-01-14 10:34:43.470+0000: Total Physical memory: 3.83 GB
2012-01-14 10:34:43.470+0000: Free Physical memory: 474.43 MB
2012-01-14 10:34:43.470+0000: Committed virtual memory: 888.23 MB
2012-01-14 10:34:43.471+0000: Total swap space: 9.32 GB
2012-01-14 10:34:43.471+0000: Free swap space: 9.06 GB
2012-01-14 10:34:43.472+0000: Byte order: LITTLE_ENDIAN
2012-01-14 10:34:43.472+0000: VM Name: OpenJDK 64-Bit Server VM
2012-01-14 10:34:43.473+0000: VM Vendor: Sun Microsystems Inc.
2012-01-14 10:34:43.473+0000: VM Version: 20.0-b11
2012-01-14 10:34:43.473+0000: JIT compiler: HotSpot 64-Bit Tiered Compilers
2012-01-14 10:34:43.476+0000: Class Path:
2012-01-14 10:34:43.476+0000:    [loader.0] file:/home/escher/.rvm/gems/jruby-1.6.4@projek.to/gems/neo4j-admin-0.0.2-java/lib/neo4j-admin/jars/jackson-core-asl-1.8.3.jar
2012-01-14 10:34:43.476+0000:    [loader.0] file:/home/escher/.rvm/gems/jruby-1.6.4@projek.to/gems/neo4j-admin-0.0.2-java/lib/neo4j-admin/jars/blueprints-core-1.0.jar
2012-01-14 10:34:43.476+0000:    [loader.0] file:/home/escher/.rvm/gems/jruby-1.6.4@projek.to/gems/neo4j-admin-0.0.2-java/lib/neo4j-admin/jars/commons-collections-3.2.1.jar
2012-01-14 10:34:43.476+0000:    [bootstrap] /home/escher/.rvm/rubies/jruby-1.6.4/lib/jruby.jar
2012-01-14 10:34:43.476+0000:    [loader.0] file:/home/escher/.rvm/gems/jruby-1.6.4@projek.to/gems/neo4j-admin-0.0.2-java/lib/neo4j-admin/jars/blueprints-neo4j-graph-1.0.jar
2012-01-14 10:34:43.476+0000:    [loader.0] file:/home/escher/.rvm/gems/jruby-1.6.4@projek.to/gems/neo4j-admin-0.0.2-java/lib/neo4j-admin/jars/neo4j-gremlin-plugin-1.6.M01.jar
2012-01-14 10:34:43.476+0000:    [loader.0] file:/home/escher/.rvm/gems/jruby-1.6.4@projek.to/gems/neo4j-1.3.1-java/lib/neo4j/jars/core/geronimo-jta_1.1_spec-1.1.1.jar
2012-01-14 10:34:43.477+0000:    [loader.0] file:/home/escher/.rvm/gems/jruby-1.6.4@projek.to/gems/neo4j-admin-0.0.2-java/lib/neo4j-admin/jars/rrd4j-2.0.7.jar
2012-01-14 10:34:43.477+0000:    [loader.0] file:/home/escher/.rvm/gems/jruby-1.6.4@projek.to/gems/neo4j-1.3.1-java/lib/neo4j/jars/core/neo4j-jmx-1.6.M01.jar
2012-01-14 10:34:43.477+0000:    [loader.0] file:/home/escher/.rvm/gems/jruby-1.6.4@projek.to/gems/neo4j-1.3.1-java/lib/neo4j/jars/core/neo4j-lucene-index-1.6.M01.jar
2012-01-14 10:34:43.477+0000:    [bootstrap] /opt/icedtea6-bin-1.10.4/jre/lib/resources.jar
2012-01-14 10:34:43.477+0000:    [loader.0] file:/home/escher/.rvm/gems/jruby-1.6.4@projek.to/gems/neo4j-admin-0.0.2-java/lib/neo4j-admin/jars/jetty-util-6.1.25.jar
2012-01-14 10:34:43.477+0000:    [loader.0] file:/home/escher/.rvm/gems/jruby-1.6.4@projek.to/gems/neo4j-admin-0.0.2-java/lib/neo4j-admin/jars/jersey-core-1.9.jar
2012-01-14 10:34:43.477+0000:    [loader.0] file:/home/escher/.rvm/gems/jruby-1.6.4@projek.to/gems/neo4j-1.3.1-java/lib/neo4j/jars/core/neo4j-kernel-1.6.M01.jar
2012-01-14 10:34:43.477+0000:    [bootstrap] /opt/icedtea6-bin-1.10.4/jre/lib/jsse.jar
2012-01-14 10:34:43.477+0000:    [loader.0] file:/home/escher/.rvm/gems/jruby-1.6.4@projek.to/gems/neo4j-admin-0.0.2-java/lib/neo4j-admin/jars/asm-3.1.jar
2012-01-14 10:34:43.477+0000:    [loader.0] file:/home/escher/.rvm/gems/jruby-1.6.4@projek.to/gems/neo4j-admin-0.0.2-java/lib/neo4j-admin/jars/groovy-1.8.2.jar
2012-01-14 10:34:43.477+0000:    [loader.0] file:/home/escher/.rvm/gems/jruby-1.6.4@projek.to/gems/neo4j-1.3.1-java/lib/neo4j/jars/core/neo4j-shell-1.6.M01.jar
2012-01-14 10:34:43.477+0000:    [loader.0] file:/home/escher/.rvm/gems/jruby-1.6.4@projek.to/gems/neo4j-1.3.1-java/lib/neo4j/jars/core/neo4j-udc-1.6.M01.jar
2012-01-14 10:34:43.477+0000:    [loader.0] file:/home/escher/.rvm/gems/jruby-1.6.4@projek.to/gems/neo4j-admin-0.0.2-java/lib/neo4j-admin/jars/commons-lang-2.4.jar
2012-01-14 10:34:43.477+0000:    [loader.0] file:/home/escher/.rvm/gems/jruby-1.6.4@projek.to/gems/neo4j-1.3.1-java/lib/neo4j/jars/core/lucene-core-3.1.0.jar
2012-01-14 10:34:43.477+0000:    [loader.0] file:/home/escher/.rvm/gems/jruby-1.6.4@projek.to/gems/neo4j-1.3.1-java/lib/neo4j/jars/core/scala-library-2.9.0-1.jar
2012-01-14 10:34:43.477+0000:    [loader.0] file:/home/escher/.rvm/gems/jruby-1.6.4@projek.to/gems/neo4j-admin-0.0.2-java/lib/neo4j-admin/jars/jersey-server-1.9.jar
2012-01-14 10:34:43.477+0000:    [bootstrap] /opt/icedtea6-bin-1.10.4/jre/lib/rhino.jar
2012-01-14 10:34:43.477+0000:    [loader.0] file:/home/escher/.rvm/gems/jruby-1.6.4@projek.to/gems/neo4j-admin-0.0.2-java/lib/neo4j-admin/jars/jackson-mapper-asl-1.8.3.jar
2012-01-14 10:34:43.477+0000:    [loader.0] file:/home/escher/.rvm/gems/jruby-1.6.4@projek.to/gems/neo4j-admin-0.0.2-java/lib/neo4j-admin/jars/antlr-2.7.7.jar
2012-01-14 10:34:43.477+0000:    [loader.0] file:/home/escher/.rvm/gems/jruby-1.6.4@projek.to/gems/neo4j-admin-0.0.2-java/lib/neo4j-admin/jars/gremlin-1.3.jar
2012-01-14 10:34:43.477+0000:    [loader.0] file:/home/escher/.rvm/gems/jruby-1.6.4@projek.to/gems/neo4j-admin-0.0.2-java/lib/neo4j-admin/jars/commons-logging-1.1.1.jar
2012-01-14 10:34:43.477+0000:    [loader.3] file:/opt/icedtea6-bin-1.10.4/jre/lib/ext/sunjce_provider.jar
2012-01-14 10:34:43.478+0000:    [bootstrap] /opt/icedtea6-bin-1.10.4/jre/lib/modules/jdk.boot.jar
2012-01-14 10:34:43.478+0000:    [loader.0] file:/home/escher/.rvm/gems/jruby-1.6.4@projek.to/gems/neo4j-admin-0.0.2-java/lib/neo4j-admin/jars/commons-configuration-1.6.jar
2012-01-14 10:34:43.478+0000:    [bootstrap] /opt/icedtea6-bin-1.10.4/jre/lib/sunrsasign.jar
2012-01-14 10:34:43.478+0000:    [bootstrap] /opt/icedtea6-bin-1.10.4/jre/lib/plugin.jar
2012-01-14 10:34:43.478+0000:    [loader.0] file:/home/escher/.rvm/gems/jruby-1.6.4@projek.to/gems/neo4j-1.3.1-java/lib/neo4j/jars/core/neo4j-graph-algo-1.6.M01.jar
2012-01-14 10:34:43.478+0000:    [loader.0] file:/home/escher/.rvm/gems/jruby-1.6.4@projek.to/gems/neo4j-1.3.1-java/lib/neo4j/jars/ha/neo4j-management-1.6.M01.jar
2012-01-14 10:34:43.478+0000:    [loader.0] file:/home/escher/.rvm/gems/jruby-1.6.4@projek.to/gems/neo4j-1.3.1-java/lib/neo4j/jars/core/server-api-1.6.M01.jar
2012-01-14 10:34:43.478+0000:    [loader.0] file:/home/escher/.rvm/gems/jruby-1.6.4@projek.to/gems/neo4j-1.3.1-java/lib/neo4j/jars/core/neo4j-cypher-1.6.M01.jar
2012-01-14 10:34:43.478+0000:    [loader.0] file:/home/escher/.rvm/gems/jruby-1.6.4@projek.to/gems/neo4j-admin-0.0.2-java/lib/neo4j-admin/jars/jetty-6.1.25.jar
2012-01-14 10:34:43.478+0000:    [loader.0] file:/home/escher/.rvm/gems/jruby-1.6.4@projek.to/gems/neo4j-admin-0.0.2-java/lib/neo4j-admin/jars/servlet-api-2.5-20081211.jar
2012-01-14 10:34:43.478+0000:    [bootstrap] /opt/icedtea6-bin-1.10.4/jre/lib/charsets.jar
2012-01-14 10:34:43.478+0000:    [loader.0] file:/home/escher/.rvm/gems/jruby-1.6.4@projek.to/gems/json-1.6.4-java/lib/json/ext/parser.jar
2012-01-14 10:34:43.478+0000:    [bootstrap] /opt/icedtea6-bin-1.10.4/jre/lib/netx.jar
2012-01-14 10:34:43.478+0000:    [loader.0] file:/home/escher/.rvm/gems/jruby-1.6.4@projek.to/gems/neo4j-admin-0.0.2-java/lib/neo4j-admin/jars/neo4j-server-1.6.M01.jar
2012-01-14 10:34:43.478+0000:    [loader.2] file:/home/escher/src/rails/neo4j-rails-example/
2012-01-14 10:34:43.478+0000:    [loader.0] file:/home/escher/.rvm/gems/jruby-1.6.4@projek.to/gems/neo4j-admin-0.0.2-java/lib/neo4j-admin/jars/pipes-0.8.jar
2012-01-14 10:34:43.478+0000:    [bootstrap] /opt/icedtea6-bin-1.10.4/jre/lib/rt.jar
2012-01-14 10:34:43.478+0000:    [loader.0] file:/home/escher/.rvm/gems/jruby-1.6.4@projek.to/gems/neo4j-1.3.1-java/lib/neo4j/jars/core/org.apache.servicemix.bundles.jline-0.9.94_1.jar
2012-01-14 10:34:43.478+0000:    [loader.3] file:/opt/icedtea6-bin-1.10.4/jre/lib/ext/localedata.jar
2012-01-14 10:34:43.478+0000:    [loader.3] file:/opt/icedtea6-bin-1.10.4/jre/lib/ext/sunpkcs11.jar
2012-01-14 10:34:43.478+0000:    [loader.0] file:/home/escher/.rvm/gems/jruby-1.6.4@projek.to/gems/neo4j-admin-0.0.2-java/lib/neo4j-admin/jars/jansi-1.5.jar
2012-01-14 10:34:43.479+0000:    [bootstrap] /opt/icedtea6-bin-1.10.4/jre/classes
2012-01-14 10:34:43.479+0000:    [loader.3] file:/opt/icedtea6-bin-1.10.4/jre/lib/ext/dnsns.jar
2012-01-14 10:34:43.479+0000:    [loader.0] file:/home/escher/.rvm/gems/jruby-1.6.4@projek.to/gems/neo4j-admin-0.0.2-java/lib/neo4j-admin/jars/neo4j-cypher-plugin-1.6.M01.jar
2012-01-14 10:34:43.479+0000:    [loader.0] file:/home/escher/.rvm/gems/jruby-1.6.4@projek.to/gems/neo4j-1.3.1-java/lib/neo4j/jars/core/neo4j-graph-matching-1.6.M01.jar
2012-01-14 10:34:43.479+0000:    [loader.0] file:/home/escher/.rvm/gems/jruby-1.6.4@projek.to/gems/json-1.6.4-java/lib/json/ext/generator.jar
2012-01-14 10:34:43.479+0000:    [loader.0] file:/home/escher/.rvm/gems/jruby-1.6.4@projek.to/gems/neo4j-admin-0.0.2-java/lib/neo4j-admin/jars/neo4j-server-1.6.M01-static-web.jar
2012-01-14 10:34:43.479+0000:    [bootstrap] /opt/icedtea6-bin-1.10.4/jre/lib/jce.jar
2012-01-14 10:34:43.479+0000: Library Path:
2012-01-14 10:34:43.479+0000:   /opt/icedtea6-bin-1.10.4/jre/lib/amd64/server
2012-01-14 10:34:43.479+0000:   /opt/icedtea6-bin-1.10.4/jre/lib/amd64
2012-01-14 10:34:43.479+0000:   /opt/icedtea6-bin-1.10.4/lib/amd64
2012-01-14 10:34:43.479+0000:   /usr/java/packages/lib/amd64
2012-01-14 10:34:43.479+0000:   /usr/lib64
2012-01-14 10:34:43.479+0000:   /lib64
2012-01-14 10:34:43.480+0000:   /lib64
2012-01-14 10:34:43.480+0000:   /usr/lib64
2012-01-14 10:34:43.482+0000: Garbage Collector: PS Scavenge: [PS Eden Space, PS Survivor Space]
2012-01-14 10:34:43.482+0000: Garbage Collector: PS MarkSweep: [PS Eden Space, PS Survivor Space, PS Old Gen, PS Perm Gen]
2012-01-14 10:34:43.483+0000: Memory Pool: Code Cache (Non-heap memory): committed=3.06 MB, used=2.95 MB, max=48.00 MB, threshold=0.00 B
2012-01-14 10:34:43.483+0000: Memory Pool: PS Eden Space (Heap memory): committed=120.44 MB, used=78.30 MB, max=145.94 MB, threshold=?
2012-01-14 10:34:43.484+0000: Memory Pool: PS Survivor Space (Heap memory): committed=8.88 MB, used=8.87 MB, max=8.88 MB, threshold=?
2012-01-14 10:34:43.484+0000: Memory Pool: PS Old Gen (Heap memory): committed=40.94 MB, used=17.75 MB, max=333.38 MB, threshold=0.00 B
2012-01-14 10:34:43.485+0000: Memory Pool: PS Perm Gen (Non-heap memory): committed=31.25 MB, used=31.11 MB, max=166.00 MB, threshold=0.00 B
2012-01-14 10:34:43.485+0000: VM Arguments: [-Djdk.home=, -Djruby.home=/home/escher/.rvm/rubies/jruby-1.6.4, -Djruby.script=jruby, -Djruby.shell=/bin/sh, -Djffi.boot.library.path=/home/escher/.rvm/rubies/jruby-1.6.4/lib/native/ppc-Linux:/home/escher/.rvm/rubies/jruby-1.6.4/lib/native/i386-Linux:/home/escher/.rvm/rubies/jruby-1.6.4/lib/native/x86_64-Linux, -Xmx500m, -Xss2048k, -Djruby.memory.max=500m, -Djruby.stack.max=2048k, -Xbootclasspath/a:/home/escher/.rvm/rubies/jruby-1.6.4/lib/jruby.jar]
2012-01-14 10:34:43.485+0000: System properties:
2012-01-14 10:34:43.485+0000:   jruby.home = /home/escher/.rvm/rubies/jruby-1.6.4
2012-01-14 10:34:43.485+0000:   sun.boot.library.path = /opt/icedtea6-bin-1.10.4/jre/lib/amd64
2012-01-14 10:34:43.486+0000:   path.separator = :
2012-01-14 10:34:43.486+0000:   file.encoding.pkg = sun.io
2012-01-14 10:34:43.486+0000:   sun.java.launcher = SUN_STANDARD
2012-01-14 10:34:43.486+0000:   user.country = US
2012-01-14 10:34:43.486+0000:   sun.os.patch.level = unknown
2012-01-14 10:34:43.486+0000:   user.dir = /home/escher/src/rails/neo4j-rails-example
2012-01-14 10:34:43.486+0000:   jdk.home = 
2012-01-14 10:34:43.486+0000:   sun.jnu.encoding = ANSI_X3.4-1968
2012-01-14 10:34:43.486+0000:   jruby.memory.max = 500m
2012-01-14 10:34:43.486+0000:   sun.management.compiler = HotSpot 64-Bit Tiered Compilers
2012-01-14 10:34:43.486+0000:   jffi.boot.library.path = /home/escher/.rvm/rubies/jruby-1.6.4/lib/native/ppc-Linux:/home/escher/.rvm/rubies/jruby-1.6.4/lib/native/i386-Linux:/home/escher/.rvm/rubies/jruby-1.6.4/lib/native/x86_64-Linux
2012-01-14 10:34:43.486+0000:   user.home = /home/escher
2012-01-14 10:34:43.486+0000:   user.timezone = UTC
2012-01-14 10:34:43.486+0000:   file.encoding = ANSI_X3.4-1968
2012-01-14 10:34:43.486+0000:   jruby.stack.max = 2048k
2012-01-14 10:34:43.486+0000:   jruby.script = jruby
2012-01-14 10:34:43.486+0000:   user.name = escher
2012-01-14 10:34:43.486+0000:   jruby.shell = /bin/sh
2012-01-14 10:34:43.486+0000:   sun.java.command = org/jruby/Main /home/escher/.rvm/gems/jruby-1.6.4@projek.to/bin/rails s
2012-01-14 10:34:43.487+0000:   sun.arch.data.model = 64
2012-01-14 10:34:43.487+0000:   user.language = en
2012-01-14 10:34:43.487+0000:   file.separator = /
2012-01-14 10:34:43.487+0000:   sun.io.unicode.encoding = UnicodeLittle
2012-01-14 10:34:43.487+0000:   sun.cpu.endian = little
2012-01-14 10:34:43.487+0000:   sun.cpu.isalist = 
2012-01-14 10:34:43.487+0000: Neo4j Kernel properties:
2012-01-14 10:34:43.487+0000:   store_dir=/home/escher/src/rails/neo4j-rails-example/db/neo4j-development
2012-01-14 10:34:43.487+0000:   logical_log=/home/escher/src/rails/neo4j-rails-example/db/neo4j-development/nioneo_logical.log
2012-01-14 10:34:43.487+0000:   online_backup_enabled=NO
2012-01-14 10:34:43.487+0000:   ha.machine_id=2
2012-01-14 10:34:43.487+0000:   enable_rules=YES
2012-01-14 10:34:43.487+0000:   min_node_cache_size=0
2012-01-14 10:34:43.487+0000:   neostore.relationshipstore.db.mapped_memory=50M
2012-01-14 10:34:43.487+0000:   node_auto_indexing=false
2012-01-14 10:34:43.487+0000:   neostore.nodestore.db.mapped_memory=25M
2012-01-14 10:34:43.487+0000:   min_relationship_cache_size=0
2012-01-14 10:34:43.487+0000:   ha.db=NO
2012-01-14 10:34:43.487+0000:   max_relationship_cache_size=3500
2012-01-14 10:34:43.487+0000:   use_adaptive_cache=YES
2012-01-14 10:34:43.488+0000:   adaptive_cache_heap_ratio=0.77
2012-01-14 10:34:43.488+0000:   identity_map=NO
2012-01-14 10:34:43.488+0000:   adaptive_cache_manager_decrease_ratio=1.15
2012-01-14 10:34:43.488+0000:   timestamps=YES
2012-01-14 10:34:43.488+0000:   use_memory_mapped_buffers=true
2012-01-14 10:34:43.488+0000:   rebuild_idgenerators_fast=true
2012-01-14 10:34:43.488+0000:   ha.zoo_keeper_servers=localhost:2181,localhost:2182,localhost:2183
2012-01-14 10:34:43.488+0000:   neostore.propertystore.db.index.keys.mapped_memory=1M
2012-01-14 10:34:43.488+0000:   max_node_cache_size=1500
2012-01-14 10:34:43.488+0000:   neostore.propertystore.db.strings.mapped_memory=130M
2012-01-14 10:34:43.488+0000:   neostore.propertystore.db.arrays.mapped_memory=130M
2012-01-14 10:34:43.488+0000:   neo_store=/home/escher/src/rails/neo4j-rails-example/db/neo4j-development/neostore
2012-01-14 10:34:43.488+0000:   adaptive_cache_worker_sleep_time=3000
2012-01-14 10:34:43.488+0000:   neostore.propertystore.db.index.mapped_memory=1M
2012-01-14 10:34:43.488+0000:   create=true
2012-01-14 10:34:43.488+0000:   adaptive_cache_manager_increase_ratio=1.1
2012-01-14 10:34:43.488+0000:   enable_remote_shell=port=9332
2012-01-14 10:34:43.488+0000:   neostore.propertystore.db.mapped_memory=90M
2012-01-14 10:34:43.488+0000:   relationship_auto_indexing=false
2012-01-14 10:34:43.488+0000:   storage_path=/home/escher/src/rails/neo4j-rails-example/db/neo4j-development
2012-01-14 10:34:43.488+0000:   ha.server=localhost:6002
2012-01-14 10:34:43.489+0000:   migration_thread=NO
2012-01-14 10:34:43.489+0000: Storage files:
2012-01-14 10:34:43.489+0000:   rrd: 1.93 MB
2012-01-14 10:34:43.489+0000:   lock: 0.00 B
2012-01-14 10:34:43.489+0000:   neostore.propertystore.db.index: 1.02 kB
2012-01-14 10:34:43.489+0000:   neostore.relationshiptypestore.db: 25.00 B
2012-01-14 10:34:43.490+0000:   neostore.propertystore.db.id: 9.00 B
2012-01-14 10:34:43.490+0000:   index:
2012-01-14 10:34:43.490+0000:     lucene.log.1: 16.00 B
2012-01-14 10:34:43.490+0000:     lucene:
2012-01-14 10:34:43.490+0000:       relationship:
2012-01-14 10:34:43.490+0000:         Neo4j_Rails_Relationship_exact:
2012-01-14 10:34:43.490+0000:           segments.gen: 20.00 B
2012-01-14 10:34:43.491+0000:           _0.fdt: 24.00 B
2012-01-14 10:34:43.491+0000:           _0.fdx: 12.00 B
2012-01-14 10:34:43.491+0000:           _0.fnm: 56.00 B
2012-01-14 10:34:43.491+0000:           _0.frq: 4.00 B
2012-01-14 10:34:43.491+0000:           _0.nrm: 8.00 B
2012-01-14 10:34:43.491+0000:           _0.prx: 4.00 B
2012-01-14 10:34:43.491+0000:           _0.tii: 35.00 B
2012-01-14 10:34:43.492+0000:           _0.tis: 55.00 B
2012-01-14 10:34:43.492+0000:           _1.fdt: 24.00 B
2012-01-14 10:34:43.492+0000:           _1.fdx: 12.00 B
2012-01-14 10:34:43.492+0000:           _1.fnm: 56.00 B
2012-01-14 10:34:43.492+0000:           _1.frq: 4.00 B
2012-01-14 10:34:43.492+0000:           _1.nrm: 8.00 B
2012-01-14 10:34:43.492+0000:           _1.prx: 4.00 B
2012-01-14 10:34:43.493+0000:           _1.tii: 35.00 B
2012-01-14 10:34:43.493+0000:           _1.tis: 55.00 B
2012-01-14 10:34:43.493+0000:           segments_1: 450.00 B
2012-01-14 10:34:43.493+0000:         - Total: 866.00 B
2012-01-14 10:34:43.493+0000:         Role_exact:
2012-01-14 10:34:43.493+0000:           segments.gen: 20.00 B
2012-01-14 10:34:43.493+0000:           _0.fdt: 24.00 B
2012-01-14 10:34:43.494+0000:           _0.fdx: 12.00 B
2012-01-14 10:34:43.494+0000:           _0.fnm: 56.00 B
2012-01-14 10:34:43.494+0000:           _0.frq: 4.00 B
2012-01-14 10:34:43.494+0000:           _0.nrm: 8.00 B
2012-01-14 10:34:43.494+0000:           _0.prx: 4.00 B
2012-01-14 10:34:43.494+0000:           _0.tii: 35.00 B
2012-01-14 10:34:43.495+0000:           _0.tis: 55.00 B
2012-01-14 10:34:43.495+0000:           _1.fdt: 24.00 B
2012-01-14 10:34:43.495+0000:           _1.fdx: 12.00 B
2012-01-14 10:34:43.495+0000:           _1.fnm: 56.00 B
2012-01-14 10:34:43.495+0000:           _1.frq: 4.00 B
2012-01-14 10:34:43.495+0000:           _1.nrm: 8.00 B
2012-01-14 10:34:43.495+0000:           _1.prx: 4.00 B
2012-01-14 10:34:43.496+0000:           _1.tii: 35.00 B
2012-01-14 10:34:43.496+0000:           _1.tis: 55.00 B
2012-01-14 10:34:43.496+0000:           segments_1: 450.00 B
2012-01-14 10:34:43.496+0000:         - Total: 866.00 B
2012-01-14 10:34:43.496+0000:       - Total: 1.69 kB
2012-01-14 10:34:43.496+0000:     - Total: 1.69 kB
2012-01-14 10:34:43.496+0000:     lucene-store.db: 32.00 B
2012-01-14 10:34:43.497+0000:     lucene.log.active: 4.00 B
2012-01-14 10:34:43.497+0000:   - Total: 1.74 kB
2012-01-14 10:34:43.497+0000:   neostore.relationshiptypestore.db.names.id: 9.00 B
2012-01-14 10:34:43.497+0000:   neostore.propertystore.db.arrays: 128.00 B
2012-01-14 10:34:43.497+0000:   neostore.propertystore.db.arrays.id: 9.00 B
2012-01-14 10:34:43.497+0000:   neostore.propertystore.db: 287.00 B
2012-01-14 10:34:43.497+0000:   nioneo_logical.log.1: 16.00 B
2012-01-14 10:34:43.497+0000:   neostore.id: 9.00 B
2012-01-14 10:34:43.498+0000:   tm_tx_log.1: 0.00 B
2012-01-14 10:34:43.498+0000:   neostore.propertystore.db.strings: 256.00 B
2012-01-14 10:34:43.498+0000:   neostore.relationshiptypestore.db.names: 228.00 B
2012-01-14 10:34:43.498+0000:   neostore.relationshipstore.db.id: 9.00 B
2012-01-14 10:34:43.498+0000:   neostore: 54.00 B
2012-01-14 10:34:43.498+0000:   neostore.relationshiptypestore.db.id: 9.00 B
2012-01-14 10:34:43.498+0000:   neostore.propertystore.db.index.keys: 1.00 kB
2012-01-14 10:34:43.499+0000:   nioneo_logical.log.active: 4.00 B
2012-01-14 10:34:43.499+0000:   neostore.propertystore.db.strings.id: 9.00 B
2012-01-14 10:34:43.499+0000:   neostore.propertystore.db.index.keys.id: 9.00 B
2012-01-14 10:34:43.499+0000:   active_tx_log: 11.00 B
2012-01-14 10:34:43.499+0000:   index.db: 243.00 B
2012-01-14 10:34:43.500+0000:   neostore.nodestore.db: 45.00 B
2012-01-14 10:34:43.500+0000:   neostore.relationshipstore.db: 330.00 B
2012-01-14 10:34:43.500+0000:   neostore.nodestore.db.id: 9.00 B
2012-01-14 10:34:43.500+0000:   messages.log: 61.86 kB
2012-01-14 10:34:43.500+0000:   neostore.propertystore.db.index.id: 9.00 B
2012-01-14 10:34:43.500+0000: Id usage:
2012-01-14 10:34:43.500+0000:   NodeStore: used=5 high=4
2012-01-14 10:34:43.501+0000:   RelationshipStore: used=10 high=9
2012-01-14 10:34:43.501+0000:   RelationshipTypeStore: used=5 high=4
2012-01-14 10:34:43.501+0000:   PropertyStore: used=7 high=6
2012-01-14 10:34:43.501+0000:   PropertyIndexStore: used=7 high=6
2012-01-14 10:34:43.501+0000:   StringPropertyStore: used=2 high=1
2012-01-14 10:34:43.501+0000:   ArrayPropertyStore: used=1 high=0
2012-01-14 10:34:43.506+0000: Schedulers:   none
  none
  none
  none
  none
  none
  none
  none
  none
  none
  none
  none
  none
  none
  none
  none
  none
  none
  none
  none
  none
  none
  none
  none
  noop deadline [cfq] 
  noop deadline [cfq] 
  none

2012-01-14 10:34:43.506+0000: --- CONFIGURATION END ---
2012-01-14 10:34:43.641+0000: Extension org.neo4j.kernel.KernelExtension[kernel jmx] loaded ok
2012-01-14 10:34:43.644+0000: Extension org.neo4j.kernel.KernelExtension[kernel udc] loaded ok
2012-01-14 10:34:44.135+0000: Extension org.neo4j.kernel.KernelExtension[shell] loaded ok
2012-01-14 10:34:44.301+0000: --- SERVER STARTUP START ---
2012-01-14 10:34:44.301+0000: Server configuration:
2012-01-14 10:34:44.302+0000:   org.neo4j.server.database.location = /home/escher/src/rails/neo4j-rails-example/db/neo4j-development
2012-01-14 10:34:44.340+0000: Mounted discovery module (org.neo4j.server.rest.discovery) at: /
2012-01-14 10:34:44.412+0000: Loaded server plugin "CypherPlugin" (org.neo4j.server.plugin.cypher.CypherPlugin)
2012-01-14 10:34:44.416+0000:   GraphDatabaseService.execute_query: execute a query
2012-01-14 10:34:44.417+0000: Loaded server plugin "GremlinPlugin" (org.neo4j.server.plugin.gremlin.GremlinPlugin)
2012-01-14 10:34:44.417+0000:   GraphDatabaseService.execute_script: execute a Gremlin script with 'g' set to the Neo4jGraph and 'results' containing the results. Only results of one object type is supported.
2012-01-14 10:34:44.418+0000: Mounted REST API at: /db/data
2012-01-14 10:34:44.420+0000: Mounted management API at: /db/manage
2012-01-14 10:34:44.545+0000: Mounted webadmin at: /webadmin
2012-01-14 10:34:47.300+0000: Server started on: http://localhost:7474/
2012-01-14 10:34:47.302+0000: --- SERVER STARTUP END ---
2012-01-14 10:46:12.348+0000: Closed log /home/escher/src/rails/neo4j-rails-example/db/neo4j-development/nioneo_logical.log
2012-01-14 10:46:13.636+0000: NeoStore closed
2012-01-14 10:46:13.692+0000: Closed log /home/escher/src/rails/neo4j-rails-example/db/neo4j-development/index/lucene.log
2012-01-14 10:46:13.692+0000: NeoStore closed
2012-01-14 10:46:13.692+0000: TM shutting down
2012-01-14 11:37:47.862+0000: Opened [/home/escher/src/rails/projek.to/db/neo4j-development/nioneo_logical.log.1] clean empty log, version=0, lastTxId=12
2012-01-14 11:37:48.048+0000: Opened [/home/escher/src/rails/projek.to/db/neo4j-development/index/lucene.log.1] clean empty log, version=0, lastTxId=5
2012-01-14 11:37:48.130+0000: TM opening log: /home/escher/src/rails/projek.to/db/neo4j-development/tm_tx_log.1
2012-01-14 11:37:48.184+0000: --- CONFIGURATION START ---
2012-01-14 11:37:48.185+0000: Graph Database: org.neo4j.kernel.EmbeddedGraphDatabase StoreId[time:1326532442834, id:7779687673803614325, store version: 13561656364791302]
2012-01-14 11:37:48.186+0000: Physical mem: 3925MB, Heap size: 444MB
2012-01-14 11:37:48.188+0000: Kernel version: Neo4j - Graph Database Kernel 1.6.M01
2012-01-14 11:37:48.188+0000: Neo4j component versions:
2012-01-14 11:37:48.189+0000:   Neo4j - Graph Database Kernel 1.6.M01
2012-01-14 11:37:48.189+0000: Store versions:
2012-01-14 11:37:48.189+0000:   NeoStore v0.A.0
2012-01-14 11:37:48.189+0000:   NodeStore v0.A.0
2012-01-14 11:37:48.189+0000:   RelationshipStore v0.A.0
2012-01-14 11:37:48.189+0000:   RelationshipTypeStore v0.A.0
2012-01-14 11:37:48.189+0000:   PropertyStore v0.A.0
2012-01-14 11:37:48.189+0000:   PropertyIndexStore v0.A.0
2012-01-14 11:37:48.189+0000:   StringPropertyStore v0.A.0
2012-01-14 11:37:48.189+0000:   ArrayPropertyStore v0.A.0
2012-01-14 11:37:48.203+0000: Process id: 11435@orbiter.karma0.net
2012-01-14 11:37:48.204+0000: Operating System: Linux; version: 3.2.0-gentoo-r1; arch: amd64; cpus: 2
2012-01-14 11:37:48.204+0000: Max number of file descriptors: 4096
2012-01-14 11:37:48.204+0000: Number of open file descriptors: 77
2012-01-14 11:37:48.210+0000: Total Physical memory: 3.83 GB
2012-01-14 11:37:48.210+0000: Free Physical memory: 424.25 MB
2012-01-14 11:37:48.211+0000: Committed virtual memory: 902.50 MB
2012-01-14 11:37:48.211+0000: Total swap space: 9.32 GB
2012-01-14 11:37:48.211+0000: Free swap space: 9.03 GB
2012-01-14 11:37:48.212+0000: Byte order: LITTLE_ENDIAN
2012-01-14 11:37:48.213+0000: VM Name: OpenJDK 64-Bit Server VM
2012-01-14 11:37:48.213+0000: VM Vendor: Sun Microsystems Inc.
2012-01-14 11:37:48.213+0000: VM Version: 20.0-b11
2012-01-14 11:37:48.222+0000: JIT compiler: HotSpot 64-Bit Tiered Compilers
2012-01-14 11:37:48.225+0000: Class Path:
2012-01-14 11:37:48.225+0000:    [loader.0] file:/home/escher/.rvm/gems/jruby-1.6.4@projek.to/gems/neo4j-admin-0.0.2-java/lib/neo4j-admin/jars/jackson-core-asl-1.8.3.jar
2012-01-14 11:37:48.225+0000:    [loader.0] file:/home/escher/.rvm/gems/jruby-1.6.4@projek.to/gems/neo4j-admin-0.0.2-java/lib/neo4j-admin/jars/blueprints-core-1.0.jar
2012-01-14 11:37:48.225+0000:    [loader.0] file:/home/escher/.rvm/gems/jruby-1.6.4@projek.to/gems/neo4j-admin-0.0.2-java/lib/neo4j-admin/jars/commons-collections-3.2.1.jar
2012-01-14 11:37:48.225+0000:    [bootstrap] /home/escher/.rvm/rubies/jruby-1.6.4/lib/jruby.jar
2012-01-14 11:37:48.226+0000:    [loader.0] file:/home/escher/.rvm/gems/jruby-1.6.4@projek.to/gems/neo4j-admin-0.0.2-java/lib/neo4j-admin/jars/blueprints-neo4j-graph-1.0.jar
2012-01-14 11:37:48.226+0000:    [loader.0] file:/home/escher/.rvm/gems/jruby-1.6.4@projek.to/gems/neo4j-admin-0.0.2-java/lib/neo4j-admin/jars/neo4j-gremlin-plugin-1.6.M01.jar
2012-01-14 11:37:48.226+0000:    [loader.0] file:/home/escher/.rvm/gems/jruby-1.6.4@projek.to/gems/neo4j-1.3.1-java/lib/neo4j/jars/core/geronimo-jta_1.1_spec-1.1.1.jar
2012-01-14 11:37:48.226+0000:    [loader.0] file:/home/escher/.rvm/gems/jruby-1.6.4@projek.to/gems/neo4j-admin-0.0.2-java/lib/neo4j-admin/jars/rrd4j-2.0.7.jar
2012-01-14 11:37:48.226+0000:    [loader.0] file:/home/escher/.rvm/gems/jruby-1.6.4@projek.to/gems/neo4j-1.3.1-java/lib/neo4j/jars/core/neo4j-jmx-1.6.M01.jar
2012-01-14 11:37:48.226+0000:    [loader.0] file:/home/escher/.rvm/gems/jruby-1.6.4@projek.to/gems/neo4j-1.3.1-java/lib/neo4j/jars/core/neo4j-lucene-index-1.6.M01.jar
2012-01-14 11:37:48.226+0000:    [bootstrap] /opt/icedtea6-bin-1.10.4/jre/lib/resources.jar
2012-01-14 11:37:48.226+0000:    [loader.0] file:/home/escher/.rvm/gems/jruby-1.6.4@projek.to/gems/neo4j-admin-0.0.2-java/lib/neo4j-admin/jars/jetty-util-6.1.25.jar
2012-01-14 11:37:48.226+0000:    [loader.0] file:/home/escher/.rvm/gems/jruby-1.6.4@projek.to/gems/neo4j-admin-0.0.2-java/lib/neo4j-admin/jars/jersey-core-1.9.jar
2012-01-14 11:37:48.226+0000:    [loader.0] file:/home/escher/.rvm/gems/jruby-1.6.4@projek.to/gems/neo4j-1.3.1-java/lib/neo4j/jars/core/neo4j-kernel-1.6.M01.jar
2012-01-14 11:37:48.226+0000:    [bootstrap] /opt/icedtea6-bin-1.10.4/jre/lib/jsse.jar
2012-01-14 11:37:48.226+0000:    [loader.0] file:/home/escher/.rvm/gems/jruby-1.6.4@projek.to/gems/neo4j-admin-0.0.2-java/lib/neo4j-admin/jars/asm-3.1.jar
2012-01-14 11:37:48.226+0000:    [loader.0] file:/home/escher/.rvm/gems/jruby-1.6.4@projek.to/gems/neo4j-admin-0.0.2-java/lib/neo4j-admin/jars/groovy-1.8.2.jar
2012-01-14 11:37:48.226+0000:    [loader.0] file:/home/escher/.rvm/gems/jruby-1.6.4@projek.to/gems/neo4j-1.3.1-java/lib/neo4j/jars/core/neo4j-shell-1.6.M01.jar
2012-01-14 11:37:48.226+0000:    [loader.0] file:/home/escher/.rvm/gems/jruby-1.6.4@projek.to/gems/neo4j-1.3.1-java/lib/neo4j/jars/core/neo4j-udc-1.6.M01.jar
2012-01-14 11:37:48.226+0000:    [loader.0] file:/home/escher/.rvm/gems/jruby-1.6.4@projek.to/gems/neo4j-admin-0.0.2-java/lib/neo4j-admin/jars/commons-lang-2.4.jar
2012-01-14 11:37:48.226+0000:    [loader.0] file:/home/escher/.rvm/gems/jruby-1.6.4@projek.to/gems/neo4j-1.3.1-java/lib/neo4j/jars/core/lucene-core-3.1.0.jar
2012-01-14 11:37:48.226+0000:    [loader.0] file:/home/escher/.rvm/gems/jruby-1.6.4@projek.to/gems/neo4j-1.3.1-java/lib/neo4j/jars/core/scala-library-2.9.0-1.jar
2012-01-14 11:37:48.226+0000:    [loader.0] file:/home/escher/.rvm/gems/jruby-1.6.4@projek.to/gems/neo4j-admin-0.0.2-java/lib/neo4j-admin/jars/jersey-server-1.9.jar
2012-01-14 11:37:48.226+0000:    [bootstrap] /opt/icedtea6-bin-1.10.4/jre/lib/rhino.jar
2012-01-14 11:37:48.226+0000:    [loader.0] file:/home/escher/.rvm/gems/jruby-1.6.4@projek.to/gems/neo4j-admin-0.0.2-java/lib/neo4j-admin/jars/jackson-mapper-asl-1.8.3.jar
2012-01-14 11:37:48.226+0000:    [loader.0] file:/home/escher/.rvm/gems/jruby-1.6.4@projek.to/gems/neo4j-admin-0.0.2-java/lib/neo4j-admin/jars/antlr-2.7.7.jar
2012-01-14 11:37:48.227+0000:    [loader.0] file:/home/escher/.rvm/gems/jruby-1.6.4@projek.to/gems/neo4j-admin-0.0.2-java/lib/neo4j-admin/jars/gremlin-1.3.jar
2012-01-14 11:37:48.227+0000:    [loader.0] file:/home/escher/.rvm/gems/jruby-1.6.4@projek.to/gems/neo4j-admin-0.0.2-java/lib/neo4j-admin/jars/commons-logging-1.1.1.jar
2012-01-14 11:37:48.227+0000:    [loader.3] file:/opt/icedtea6-bin-1.10.4/jre/lib/ext/sunjce_provider.jar
2012-01-14 11:37:48.227+0000:    [bootstrap] /opt/icedtea6-bin-1.10.4/jre/lib/modules/jdk.boot.jar
2012-01-14 11:37:48.227+0000:    [loader.0] file:/home/escher/.rvm/gems/jruby-1.6.4@projek.to/gems/neo4j-admin-0.0.2-java/lib/neo4j-admin/jars/commons-configuration-1.6.jar
2012-01-14 11:37:48.227+0000:    [bootstrap] /opt/icedtea6-bin-1.10.4/jre/lib/sunrsasign.jar
2012-01-14 11:37:48.227+0000:    [bootstrap] /opt/icedtea6-bin-1.10.4/jre/lib/plugin.jar
2012-01-14 11:37:48.227+0000:    [loader.0] file:/home/escher/.rvm/gems/jruby-1.6.4@projek.to/gems/neo4j-1.3.1-java/lib/neo4j/jars/core/neo4j-graph-algo-1.6.M01.jar
2012-01-14 11:37:48.227+0000:    [loader.0] file:/home/escher/.rvm/gems/jruby-1.6.4@projek.to/gems/neo4j-1.3.1-java/lib/neo4j/jars/ha/neo4j-management-1.6.M01.jar
2012-01-14 11:37:48.227+0000:    [loader.0] file:/home/escher/.rvm/gems/jruby-1.6.4@projek.to/gems/neo4j-1.3.1-java/lib/neo4j/jars/core/server-api-1.6.M01.jar
2012-01-14 11:37:48.227+0000:    [loader.0] file:/home/escher/.rvm/gems/jruby-1.6.4@projek.to/gems/neo4j-1.3.1-java/lib/neo4j/jars/core/neo4j-cypher-1.6.M01.jar
2012-01-14 11:37:48.227+0000:    [loader.0] file:/home/escher/.rvm/gems/jruby-1.6.4@projek.to/gems/neo4j-admin-0.0.2-java/lib/neo4j-admin/jars/jetty-6.1.25.jar
2012-01-14 11:37:48.227+0000:    [loader.0] file:/home/escher/.rvm/gems/jruby-1.6.4@projek.to/gems/neo4j-admin-0.0.2-java/lib/neo4j-admin/jars/servlet-api-2.5-20081211.jar
2012-01-14 11:37:48.227+0000:    [bootstrap] /opt/icedtea6-bin-1.10.4/jre/lib/charsets.jar
2012-01-14 11:37:48.227+0000:    [loader.2] file:/home/escher/src/rails/projek.to/
2012-01-14 11:37:48.227+0000:    [loader.0] file:/home/escher/.rvm/gems/jruby-1.6.4@projek.to/gems/json-1.6.4-java/lib/json/ext/parser.jar
2012-01-14 11:37:48.227+0000:    [bootstrap] /opt/icedtea6-bin-1.10.4/jre/lib/netx.jar
2012-01-14 11:37:48.227+0000:    [loader.0] file:/home/escher/.rvm/gems/jruby-1.6.4@projek.to/gems/neo4j-admin-0.0.2-java/lib/neo4j-admin/jars/neo4j-server-1.6.M01.jar
2012-01-14 11:37:48.227+0000:    [loader.0] file:/home/escher/.rvm/gems/jruby-1.6.4@projek.to/gems/neo4j-admin-0.0.2-java/lib/neo4j-admin/jars/pipes-0.8.jar
2012-01-14 11:37:48.227+0000:    [bootstrap] /opt/icedtea6-bin-1.10.4/jre/lib/rt.jar
2012-01-14 11:37:48.227+0000:    [loader.0] file:/home/escher/.rvm/gems/jruby-1.6.4@projek.to/gems/neo4j-1.3.1-java/lib/neo4j/jars/core/org.apache.servicemix.bundles.jline-0.9.94_1.jar
2012-01-14 11:37:48.228+0000:    [loader.3] file:/opt/icedtea6-bin-1.10.4/jre/lib/ext/localedata.jar
2012-01-14 11:37:48.228+0000:    [loader.3] file:/opt/icedtea6-bin-1.10.4/jre/lib/ext/sunpkcs11.jar
2012-01-14 11:37:48.228+0000:    [loader.0] file:/home/escher/.rvm/gems/jruby-1.6.4@projek.to/gems/neo4j-admin-0.0.2-java/lib/neo4j-admin/jars/jansi-1.5.jar
2012-01-14 11:37:48.228+0000:    [bootstrap] /opt/icedtea6-bin-1.10.4/jre/classes
2012-01-14 11:37:48.228+0000:    [loader.3] file:/opt/icedtea6-bin-1.10.4/jre/lib/ext/dnsns.jar
2012-01-14 11:37:48.228+0000:    [loader.0] file:/home/escher/.rvm/gems/jruby-1.6.4@projek.to/gems/neo4j-admin-0.0.2-java/lib/neo4j-admin/jars/neo4j-cypher-plugin-1.6.M01.jar
2012-01-14 11:37:48.228+0000:    [loader.0] file:/home/escher/.rvm/gems/jruby-1.6.4@projek.to/gems/neo4j-1.3.1-java/lib/neo4j/jars/core/neo4j-graph-matching-1.6.M01.jar
2012-01-14 11:37:48.228+0000:    [loader.0] file:/home/escher/.rvm/gems/jruby-1.6.4@projek.to/gems/json-1.6.4-java/lib/json/ext/generator.jar
2012-01-14 11:37:48.228+0000:    [loader.0] file:/home/escher/.rvm/gems/jruby-1.6.4@projek.to/gems/neo4j-admin-0.0.2-java/lib/neo4j-admin/jars/neo4j-server-1.6.M01-static-web.jar
2012-01-14 11:37:48.228+0000:    [bootstrap] /opt/icedtea6-bin-1.10.4/jre/lib/jce.jar
2012-01-14 11:37:48.228+0000: Library Path:
2012-01-14 11:37:48.228+0000:   /opt/icedtea6-bin-1.10.4/jre/lib/amd64/server
2012-01-14 11:37:48.228+0000:   /opt/icedtea6-bin-1.10.4/jre/lib/amd64
2012-01-14 11:37:48.228+0000:   /opt/icedtea6-bin-1.10.4/lib/amd64
2012-01-14 11:37:48.228+0000:   /usr/java/packages/lib/amd64
2012-01-14 11:37:48.229+0000:   /usr/lib64
2012-01-14 11:37:48.229+0000:   /lib64
2012-01-14 11:37:48.229+0000:   /lib64
2012-01-14 11:37:48.229+0000:   /usr/lib64
2012-01-14 11:37:48.240+0000: Garbage Collector: PS Scavenge: [PS Eden Space, PS Survivor Space]
2012-01-14 11:37:48.240+0000: Garbage Collector: PS MarkSweep: [PS Eden Space, PS Survivor Space, PS Old Gen, PS Perm Gen]
2012-01-14 11:37:48.259+0000: Memory Pool: Code Cache (Non-heap memory): committed=3.19 MB, used=3.11 MB, max=48.00 MB, threshold=0.00 B
2012-01-14 11:37:48.260+0000: Memory Pool: PS Eden Space (Heap memory): committed=120.44 MB, used=78.27 MB, max=145.94 MB, threshold=?
2012-01-14 11:37:48.260+0000: Memory Pool: PS Survivor Space (Heap memory): committed=8.88 MB, used=8.85 MB, max=8.88 MB, threshold=?
2012-01-14 11:37:48.261+0000: Memory Pool: PS Old Gen (Heap memory): committed=40.94 MB, used=17.48 MB, max=333.38 MB, threshold=0.00 B
2012-01-14 11:37:48.262+0000: Memory Pool: PS Perm Gen (Non-heap memory): committed=31.25 MB, used=31.12 MB, max=166.00 MB, threshold=0.00 B
2012-01-14 11:37:48.262+0000: VM Arguments: [-Djdk.home=, -Djruby.home=/home/escher/.rvm/rubies/jruby-1.6.4, -Djruby.script=jruby, -Djruby.shell=/bin/sh, -Djffi.boot.library.path=/home/escher/.rvm/rubies/jruby-1.6.4/lib/native/ppc-Linux:/home/escher/.rvm/rubies/jruby-1.6.4/lib/native/i386-Linux:/home/escher/.rvm/rubies/jruby-1.6.4/lib/native/x86_64-Linux, -Xmx500m, -Xss2048k, -Djruby.memory.max=500m, -Djruby.stack.max=2048k, -Xbootclasspath/a:/home/escher/.rvm/rubies/jruby-1.6.4/lib/jruby.jar]
2012-01-14 11:37:48.262+0000: System properties:
2012-01-14 11:37:48.266+0000:   jruby.home = /home/escher/.rvm/rubies/jruby-1.6.4
2012-01-14 11:37:48.267+0000:   sun.boot.library.path = /opt/icedtea6-bin-1.10.4/jre/lib/amd64
2012-01-14 11:37:48.267+0000:   path.separator = :
2012-01-14 11:37:48.267+0000:   file.encoding.pkg = sun.io
2012-01-14 11:37:48.267+0000:   sun.java.launcher = SUN_STANDARD
2012-01-14 11:37:48.267+0000:   user.country = US
2012-01-14 11:37:48.267+0000:   sun.os.patch.level = unknown
2012-01-14 11:37:48.267+0000:   user.dir = /home/escher/src/rails/projek.to
2012-01-14 11:37:48.267+0000:   jdk.home = 
2012-01-14 11:37:48.267+0000:   sun.jnu.encoding = ANSI_X3.4-1968
2012-01-14 11:37:48.267+0000:   jruby.memory.max = 500m
2012-01-14 11:37:48.267+0000:   sun.management.compiler = HotSpot 64-Bit Tiered Compilers
2012-01-14 11:37:48.267+0000:   jffi.boot.library.path = /home/escher/.rvm/rubies/jruby-1.6.4/lib/native/ppc-Linux:/home/escher/.rvm/rubies/jruby-1.6.4/lib/native/i386-Linux:/home/escher/.rvm/rubies/jruby-1.6.4/lib/native/x86_64-Linux
2012-01-14 11:37:48.267+0000:   user.home = /home/escher
2012-01-14 11:37:48.267+0000:   user.timezone = UTC
2012-01-14 11:37:48.267+0000:   file.encoding = ANSI_X3.4-1968
2012-01-14 11:37:48.267+0000:   jruby.stack.max = 2048k
2012-01-14 11:37:48.267+0000:   jruby.script = jruby
2012-01-14 11:37:48.267+0000:   user.name = escher
2012-01-14 11:37:48.267+0000:   jruby.shell = /bin/sh
2012-01-14 11:37:48.267+0000:   sun.java.command = org/jruby/Main /home/escher/.rvm/gems/jruby-1.6.4@projek.to/bin/rails s
2012-01-14 11:37:48.268+0000:   sun.arch.data.model = 64
2012-01-14 11:37:48.268+0000:   user.language = en
2012-01-14 11:37:48.268+0000:   file.separator = /
2012-01-14 11:37:48.268+0000:   sun.io.unicode.encoding = UnicodeLittle
2012-01-14 11:37:48.268+0000:   sun.cpu.endian = little
2012-01-14 11:37:48.268+0000:   sun.cpu.isalist = 
2012-01-14 11:37:48.268+0000: Neo4j Kernel properties:
2012-01-14 11:37:48.268+0000:   store_dir=/home/escher/src/rails/projek.to/db/neo4j-development
2012-01-14 11:37:48.268+0000:   logical_log=/home/escher/src/rails/projek.to/db/neo4j-development/nioneo_logical.log
2012-01-14 11:37:48.268+0000:   online_backup_enabled=NO
2012-01-14 11:37:48.268+0000:   ha.machine_id=2
2012-01-14 11:37:48.268+0000:   enable_rules=YES
2012-01-14 11:37:48.268+0000:   min_node_cache_size=0
2012-01-14 11:37:48.268+0000:   neostore.relationshipstore.db.mapped_memory=50M
2012-01-14 11:37:48.268+0000:   node_auto_indexing=false
2012-01-14 11:37:48.268+0000:   neostore.nodestore.db.mapped_memory=25M
2012-01-14 11:37:48.268+0000:   min_relationship_cache_size=0
2012-01-14 11:37:48.268+0000:   ha.db=NO
2012-01-14 11:37:48.268+0000:   max_relationship_cache_size=3500
2012-01-14 11:37:48.268+0000:   use_adaptive_cache=YES
2012-01-14 11:37:48.269+0000:   adaptive_cache_heap_ratio=0.77
2012-01-14 11:37:48.269+0000:   identity_map=NO
2012-01-14 11:37:48.269+0000:   adaptive_cache_manager_decrease_ratio=1.15
2012-01-14 11:37:48.269+0000:   timestamps=YES
2012-01-14 11:37:48.269+0000:   use_memory_mapped_buffers=true
2012-01-14 11:37:48.269+0000:   rebuild_idgenerators_fast=true
2012-01-14 11:37:48.269+0000:   ha.zoo_keeper_servers=localhost:2181,localhost:2182,localhost:2183
2012-01-14 11:37:48.269+0000:   neostore.propertystore.db.index.keys.mapped_memory=1M
2012-01-14 11:37:48.269+0000:   max_node_cache_size=1500
2012-01-14 11:37:48.269+0000:   neostore.propertystore.db.strings.mapped_memory=130M
2012-01-14 11:37:48.269+0000:   neostore.propertystore.db.arrays.mapped_memory=130M
2012-01-14 11:37:48.269+0000:   neo_store=/home/escher/src/rails/projek.to/db/neo4j-development/neostore
2012-01-14 11:37:48.269+0000:   adaptive_cache_worker_sleep_time=3000
2012-01-14 11:37:48.269+0000:   neostore.propertystore.db.index.mapped_memory=1M
2012-01-14 11:37:48.269+0000:   create=true
2012-01-14 11:37:48.269+0000:   adaptive_cache_manager_increase_ratio=1.1
2012-01-14 11:37:48.269+0000:   enable_remote_shell=port=9332
2012-01-14 11:37:48.269+0000:   neostore.propertystore.db.mapped_memory=90M
2012-01-14 11:37:48.269+0000:   relationship_auto_indexing=false
2012-01-14 11:37:48.269+0000:   storage_path=/home/escher/src/rails/projek.to/db/neo4j-development
2012-01-14 11:37:48.269+0000:   ha.server=localhost:6002
2012-01-14 11:37:48.270+0000:   migration_thread=NO
2012-01-14 11:37:48.270+0000: Storage files:
2012-01-14 11:37:48.270+0000:   rrd: 1.93 MB
2012-01-14 11:37:48.270+0000:   lock: 0.00 B
2012-01-14 11:37:48.270+0000:   neostore.propertystore.db.index: 1.02 kB
2012-01-14 11:37:48.270+0000:   neostore.relationshiptypestore.db: 25.00 B
2012-01-14 11:37:48.271+0000:   neostore.propertystore.db.id: 9.00 B
2012-01-14 11:37:48.271+0000:   index:
2012-01-14 11:37:48.271+0000:     lucene.log.1: 16.00 B
2012-01-14 11:37:48.271+0000:     lucene:
2012-01-14 11:37:48.271+0000:       relationship:
2012-01-14 11:37:48.271+0000:         Neo4j_Rails_Relationship_exact:
2012-01-14 11:37:48.271+0000:           segments.gen: 20.00 B
2012-01-14 11:37:48.272+0000:           _0.fdt: 24.00 B
2012-01-14 11:37:48.272+0000:           _0.fdx: 12.00 B
2012-01-14 11:37:48.272+0000:           _0.fnm: 56.00 B
2012-01-14 11:37:48.272+0000:           _0.frq: 4.00 B
2012-01-14 11:37:48.272+0000:           _0.nrm: 8.00 B
2012-01-14 11:37:48.272+0000:           _0.prx: 4.00 B
2012-01-14 11:37:48.272+0000:           _0.tii: 35.00 B
2012-01-14 11:37:48.273+0000:           _0.tis: 55.00 B
2012-01-14 11:37:48.273+0000:           _1.fdt: 24.00 B
2012-01-14 11:37:48.273+0000:           _1.fdx: 12.00 B
2012-01-14 11:37:48.273+0000:           _1.fnm: 56.00 B
2012-01-14 11:37:48.273+0000:           _1.frq: 4.00 B
2012-01-14 11:37:48.273+0000:           _1.nrm: 8.00 B
2012-01-14 11:37:48.273+0000:           _1.prx: 4.00 B
2012-01-14 11:37:48.274+0000:           _1.tii: 35.00 B
2012-01-14 11:37:48.274+0000:           _1.tis: 55.00 B
2012-01-14 11:37:48.274+0000:           segments_1: 450.00 B
2012-01-14 11:37:48.274+0000:         - Total: 866.00 B
2012-01-14 11:37:48.274+0000:         Role_exact:
2012-01-14 11:37:48.274+0000:           segments.gen: 20.00 B
2012-01-14 11:37:48.275+0000:           _0.fdt: 24.00 B
2012-01-14 11:37:48.275+0000:           _0.fdx: 12.00 B
2012-01-14 11:37:48.275+0000:           _0.fnm: 56.00 B
2012-01-14 11:37:48.275+0000:           _0.frq: 4.00 B
2012-01-14 11:37:48.275+0000:           _0.nrm: 8.00 B
2012-01-14 11:37:48.275+0000:           _0.prx: 4.00 B
2012-01-14 11:37:48.275+0000:           _0.tii: 35.00 B
2012-01-14 11:37:48.275+0000:           _0.tis: 55.00 B
2012-01-14 11:37:48.276+0000:           _1.fdt: 24.00 B
2012-01-14 11:37:48.276+0000:           _1.fdx: 12.00 B
2012-01-14 11:37:48.276+0000:           _1.fnm: 56.00 B
2012-01-14 11:37:48.276+0000:           _1.frq: 4.00 B
2012-01-14 11:37:48.276+0000:           _1.nrm: 8.00 B
2012-01-14 11:37:48.276+0000:           _1.prx: 4.00 B
2012-01-14 11:37:48.276+0000:           _1.tii: 35.00 B
2012-01-14 11:37:48.277+0000:           _1.tis: 55.00 B
2012-01-14 11:37:48.277+0000:           segments_1: 450.00 B
2012-01-14 11:37:48.277+0000:         - Total: 866.00 B
2012-01-14 11:37:48.277+0000:       - Total: 1.69 kB
2012-01-14 11:37:48.277+0000:     - Total: 1.69 kB
2012-01-14 11:37:48.277+0000:     lucene-store.db: 32.00 B
2012-01-14 11:37:48.277+0000:     lucene.log.active: 4.00 B
2012-01-14 11:37:48.278+0000:   - Total: 1.74 kB
2012-01-14 11:37:48.278+0000:   neostore.relationshiptypestore.db.names.id: 9.00 B
2012-01-14 11:37:48.278+0000:   neostore.propertystore.db.arrays: 128.00 B
2012-01-14 11:37:48.278+0000:   neostore.propertystore.db.arrays.id: 9.00 B
2012-01-14 11:37:48.278+0000:   neostore.propertystore.db: 287.00 B
2012-01-14 11:37:48.278+0000:   nioneo_logical.log.1: 16.00 B
2012-01-14 11:37:48.278+0000:   neostore.id: 9.00 B
2012-01-14 11:37:48.279+0000:   tm_tx_log.1: 0.00 B
2012-01-14 11:37:48.279+0000:   neostore.propertystore.db.strings: 256.00 B
2012-01-14 11:37:48.279+0000:   neostore.relationshiptypestore.db.names: 228.00 B
2012-01-14 11:37:48.279+0000:   neostore.relationshipstore.db.id: 9.00 B
2012-01-14 11:37:48.279+0000:   neostore: 54.00 B
2012-01-14 11:37:48.279+0000:   neostore.relationshiptypestore.db.id: 9.00 B
2012-01-14 11:37:48.279+0000:   neostore.propertystore.db.index.keys: 1.00 kB
2012-01-14 11:37:48.280+0000:   nioneo_logical.log.active: 4.00 B
2012-01-14 11:37:48.280+0000:   neostore.propertystore.db.strings.id: 9.00 B
2012-01-14 11:37:48.280+0000:   neostore.propertystore.db.index.keys.id: 9.00 B
2012-01-14 11:37:48.280+0000:   active_tx_log: 11.00 B
2012-01-14 11:37:48.280+0000:   index.db: 243.00 B
2012-01-14 11:37:48.280+0000:   neostore.nodestore.db: 45.00 B
2012-01-14 11:37:48.280+0000:   neostore.relationshipstore.db: 330.00 B
2012-01-14 11:37:48.281+0000:   neostore.nodestore.db.id: 9.00 B
2012-01-14 11:37:48.281+0000:   messages.log: 85.41 kB
2012-01-14 11:37:48.281+0000:   neostore.propertystore.db.index.id: 9.00 B
2012-01-14 11:37:48.281+0000: Id usage:
2012-01-14 11:37:48.281+0000:   NodeStore: used=5 high=4
2012-01-14 11:37:48.281+0000:   RelationshipStore: used=10 high=9
2012-01-14 11:37:48.281+0000:   RelationshipTypeStore: used=5 high=4
2012-01-14 11:37:48.282+0000:   PropertyStore: used=7 high=6
2012-01-14 11:37:48.282+0000:   PropertyIndexStore: used=7 high=6
2012-01-14 11:37:48.282+0000:   StringPropertyStore: used=2 high=1
2012-01-14 11:37:48.282+0000:   ArrayPropertyStore: used=1 high=0
2012-01-14 11:37:48.287+0000: Schedulers:   none
  none
  none
  none
  none
  none
  none
  none
  none
  none
  none
  none
  none
  none
  none
  none
  none
  none
  none
  none
  none
  none
  none
  none
  noop deadline [cfq] 
  noop deadline [cfq] 
  none

2012-01-14 11:37:48.287+0000: --- CONFIGURATION END ---
2012-01-14 11:37:48.525+0000: Extension org.neo4j.kernel.KernelExtension[kernel jmx] loaded ok
2012-01-14 11:37:48.529+0000: Extension org.neo4j.kernel.KernelExtension[kernel udc] loaded ok
2012-01-14 11:37:49.197+0000: Extension org.neo4j.kernel.KernelExtension[shell] loaded ok
2012-01-14 11:37:49.517+0000: --- SERVER STARTUP START ---
2012-01-14 11:37:49.517+0000: Server configuration:
2012-01-14 11:37:49.518+0000:   org.neo4j.server.database.location = /home/escher/src/rails/projek.to/db/neo4j-development
2012-01-14 11:37:49.598+0000: Mounted discovery module (org.neo4j.server.rest.discovery) at: /
2012-01-14 11:37:49.698+0000: Loaded server plugin "CypherPlugin" (org.neo4j.server.plugin.cypher.CypherPlugin)
2012-01-14 11:37:49.702+0000:   GraphDatabaseService.execute_query: execute a query
2012-01-14 11:37:49.704+0000: Loaded server plugin "GremlinPlugin" (org.neo4j.server.plugin.gremlin.GremlinPlugin)
2012-01-14 11:37:49.704+0000:   GraphDatabaseService.execute_script: execute a Gremlin script with 'g' set to the Neo4jGraph and 'results' containing the results. Only results of one object type is supported.
2012-01-14 11:37:49.705+0000: Mounted REST API at: /db/data
2012-01-14 11:37:49.706+0000: Mounted management API at: /db/manage
2012-01-14 11:37:49.804+0000: Mounted webadmin at: /webadmin
2012-01-14 11:37:53.231+0000: Server started on: http://localhost:7474/
2012-01-14 11:37:53.233+0000: --- SERVER STARTUP END ---
